TpTrace Verbose: 0 : 26428, 1, 2024/05/08, 17:24:46.029, 8915113220417, vstest.console.dll, Version: 17.9.0-release-24072-02 Current process architecture: X64
TpTrace Verbose: 0 : 26428, 1, 2024/05/08, 17:24:46.031, 8915113241591, vstest.console.dll, Runtime location: C:\Program Files\dotnet\shared\Microsoft.NETCore.App\8.0.3
TpTrace Verbose: 0 : 26428, 1, 2024/05/08, 17:24:46.033, 8915113260422, vstest.console.dll, ArtifactProcessingPostProcessModeProcessorExecutor.Initialize: ArtifactProcessingMode.Collect
TpTrace Verbose: 0 : 26428, 1, 2024/05/08, 17:24:46.033, 8915113261669, vstest.console.dll, TestSessionCorrelationIdProcessorModeProcessorExecutor.Initialize: TestSessionCorrelationId '34972_4b4d0abd-2b8a-4cef-a01a-c28f6084e3b0'
TpTrace Information: 0 : 26428, 1, 2024/05/08, 17:24:46.046, 8915113388096, vstest.console.dll, FilePatternParser: The given file C:\Exercism-Solutions\csharp\bin\Debug\net6.0\fine-code-coverage\build-output\csharp-exercises.dll is a full path.
TpTrace Verbose: 0 : 26428, 1, 2024/05/08, 17:24:46.049, 8915113424000, vstest.console.dll, TestPluginCache.DiscoverTestExtensions: finding test extensions in assemblies ends with: RuntimeProvider.dll TPluginInfo: Microsoft.VisualStudio.TestPlatform.Common.ExtensionFramework.Utilities.TestRuntimePluginInformation TExtension: Microsoft.VisualStudio.TestPlatform.ObjectModel.Host.ITestRuntimeProvider
TpTrace Verbose: 0 : 26428, 1, 2024/05/08, 17:24:46.050, 8915113426464, vstest.console.dll, TestPluginCache.GetExtensionPaths: Filtered extension paths: 
TpTrace Verbose: 0 : 26428, 1, 2024/05/08, 17:24:46.050, 8915113426983, vstest.console.dll, TestPluginCache.GetExtensionPaths: Added default extension paths: C:\Program Files\dotnet\sdk\8.0.202\Extensions\Microsoft.Diagnostics.NETCore.Client.dll
C:\Program Files\dotnet\sdk\8.0.202\Extensions\Microsoft.TestPlatform.Extensions.BlameDataCollector.dll
C:\Program Files\dotnet\sdk\8.0.202\Extensions\Microsoft.TestPlatform.Extensions.EventLogCollector.dll
C:\Program Files\dotnet\sdk\8.0.202\Extensions\Microsoft.TestPlatform.TestHostRuntimeProvider.dll
C:\Program Files\dotnet\sdk\8.0.202\Extensions\Microsoft.VisualStudio.TestPlatform.Extensions.Html.TestLogger.dll
C:\Program Files\dotnet\sdk\8.0.202\Extensions\Microsoft.VisualStudio.TestPlatform.Extensions.Trx.TestLogger.dll
TpTrace Verbose: 0 : 26428, 1, 2024/05/08, 17:24:46.050, 8915113427205, vstest.console.dll, TestPluginCache.GetExtensionPaths: Added unfilterableExtensionPaths: 
TpTrace Information: 0 : 26428, 1, 2024/05/08, 17:24:46.050, 8915113430608, vstest.console.dll, AssemblyResolver.ctor: Creating AssemblyResolver with searchDirectories C:\Program Files\dotnet\sdk\8.0.202\Extensions,C:\Program Files\dotnet\sdk\8.0.202
TpTrace Verbose: 0 : 26428, 1, 2024/05/08, 17:24:46.051, 8915113439300, vstest.console.dll, TestPluginCache.DiscoverTestExtensions: Discovering the extensions using extension path.
TpTrace Verbose: 0 : 26428, 1, 2024/05/08, 17:24:46.051, 8915113440143, vstest.console.dll, TestPluginCache.GetExtensionPaths: Filtered extension paths: 
TpTrace Verbose: 0 : 26428, 1, 2024/05/08, 17:24:46.051, 8915113440388, vstest.console.dll, TestPluginCache.GetExtensionPaths: Added default extension paths: C:\Program Files\dotnet\sdk\8.0.202\Extensions\Microsoft.Diagnostics.NETCore.Client.dll
C:\Program Files\dotnet\sdk\8.0.202\Extensions\Microsoft.TestPlatform.Extensions.BlameDataCollector.dll
C:\Program Files\dotnet\sdk\8.0.202\Extensions\Microsoft.TestPlatform.Extensions.EventLogCollector.dll
C:\Program Files\dotnet\sdk\8.0.202\Extensions\Microsoft.TestPlatform.TestHostRuntimeProvider.dll
C:\Program Files\dotnet\sdk\8.0.202\Extensions\Microsoft.VisualStudio.TestPlatform.Extensions.Html.TestLogger.dll
C:\Program Files\dotnet\sdk\8.0.202\Extensions\Microsoft.VisualStudio.TestPlatform.Extensions.Trx.TestLogger.dll
TpTrace Verbose: 0 : 26428, 1, 2024/05/08, 17:24:46.051, 8915113440622, vstest.console.dll, TestPluginCache.GetExtensionPaths: Added unfilterableExtensionPaths: 
TpTrace Verbose: 0 : 26428, 1, 2024/05/08, 17:24:46.051, 8915113440944, vstest.console.dll, TestPluginCache.DiscoverTestExtensions: Discovering the extensions using allExtensionPaths: C:\Program Files\dotnet\sdk\8.0.202\Extensions\Microsoft.Diagnostics.NETCore.Client.dll
C:\Program Files\dotnet\sdk\8.0.202\Extensions\Microsoft.TestPlatform.Extensions.BlameDataCollector.dll
C:\Program Files\dotnet\sdk\8.0.202\Extensions\Microsoft.TestPlatform.Extensions.EventLogCollector.dll
C:\Program Files\dotnet\sdk\8.0.202\Extensions\Microsoft.TestPlatform.TestHostRuntimeProvider.dll
C:\Program Files\dotnet\sdk\8.0.202\Extensions\Microsoft.VisualStudio.TestPlatform.Extensions.Html.TestLogger.dll
C:\Program Files\dotnet\sdk\8.0.202\Extensions\Microsoft.VisualStudio.TestPlatform.Extensions.Trx.TestLogger.dll
TpTrace Information: 0 : 26428, 1, 2024/05/08, 17:24:46.051, 8915113441963, vstest.console.dll, AssemblyResolver.AddSearchDirectories: Adding more searchDirectories C:\Program Files\dotnet\sdk\8.0.202\Extensions,C:\Program Files\dotnet\sdk\8.0.202
TpTrace Information: 0 : 26428, 1, 2024/05/08, 17:24:46.051, 8915113442305, vstest.console.dll, AssemblyResolver.AddSearchDirectories: Adding more searchDirectories C:\Program Files\dotnet\sdk\8.0.202\Extensions,C:\Program Files\dotnet\sdk\8.0.202
TpTrace Information: 0 : 26428, 1, 2024/05/08, 17:24:46.051, 8915113442515, vstest.console.dll, AssemblyResolver.AddSearchDirectories: Adding more searchDirectories C:\Program Files\dotnet\sdk\8.0.202\Extensions,C:\Program Files\dotnet\sdk\8.0.202
TpTrace Information: 0 : 26428, 1, 2024/05/08, 17:24:46.051, 8915113442677, vstest.console.dll, AssemblyResolver.AddSearchDirectories: Adding more searchDirectories C:\Program Files\dotnet\sdk\8.0.202\Extensions,C:\Program Files\dotnet\sdk\8.0.202
TpTrace Information: 0 : 26428, 1, 2024/05/08, 17:24:46.051, 8915113442834, vstest.console.dll, AssemblyResolver.AddSearchDirectories: Adding more searchDirectories C:\Program Files\dotnet\sdk\8.0.202\Extensions,C:\Program Files\dotnet\sdk\8.0.202
TpTrace Information: 0 : 26428, 1, 2024/05/08, 17:24:46.051, 8915113442988, vstest.console.dll, AssemblyResolver.AddSearchDirectories: Adding more searchDirectories C:\Program Files\dotnet\sdk\8.0.202\Extensions,C:\Program Files\dotnet\sdk\8.0.202
TpTrace Information: 0 : 26428, 1, 2024/05/08, 17:24:46.052, 8915113446172, vstest.console.dll, AssemblyResolver.OnResolve: Microsoft.Diagnostics.NETCore.Client: Resolving assembly.
TpTrace Information: 0 : 26428, 1, 2024/05/08, 17:24:46.052, 8915113447016, vstest.console.dll, AssemblyResolver.OnResolve: Microsoft.Diagnostics.NETCore.Client: Searching in: 'C:\Program Files\dotnet\sdk\8.0.202\Extensions'.
TpTrace Information: 0 : 26428, 1, 2024/05/08, 17:24:46.059, 8915113518861, vstest.console.dll, AssemblyResolver.OnResolve: Microsoft.Diagnostics.NETCore.Client: Loading assembly 'C:\Program Files\dotnet\sdk\8.0.202\Extensions\Microsoft.Diagnostics.NETCore.Client.dll'.
TpTrace Information: 0 : 26428, 1, 2024/05/08, 17:24:46.060, 8915113527288, vstest.console.dll, AssemblyResolver.OnResolve: Resolved assembly: Microsoft.Diagnostics.NETCore.Client, from path: C:\Program Files\dotnet\sdk\8.0.202\Extensions\Microsoft.Diagnostics.NETCore.Client.dll
TpTrace Verbose: 0 : 26428, 1, 2024/05/08, 17:24:46.063, 8915113557385, vstest.console.dll, MetadataReaderExtensionsHelper: Discovering extensions inside assembly 'Microsoft.Diagnostics.NETCore.Client, Version=0.2.9.2401, Culture=neutral, PublicKeyToken=31bf3856ad364e35' file path 'C:\Program Files\dotnet\sdk\8.0.202\Extensions\Microsoft.Diagnostics.NETCore.Client.dll'
TpTrace Information: 0 : 26428, 1, 2024/05/08, 17:24:46.066, 8915113589496, vstest.console.dll, AssemblyResolver.OnResolve: Microsoft.Bcl.AsyncInterfaces: Resolving assembly.
TpTrace Information: 0 : 26428, 1, 2024/05/08, 17:24:46.066, 8915113590245, vstest.console.dll, AssemblyResolver.OnResolve: Microsoft.Bcl.AsyncInterfaces: Searching in: 'C:\Program Files\dotnet\sdk\8.0.202\Extensions'.
TpTrace Information: 0 : 26428, 1, 2024/05/08, 17:24:46.066, 8915113590868, vstest.console.dll, AssemblyResolver.OnResolve: Microsoft.Bcl.AsyncInterfaces: Assembly path does not exist: 'C:\Program Files\dotnet\sdk\8.0.202\Extensions\Microsoft.Bcl.AsyncInterfaces.dll', returning.
TpTrace Information: 0 : 26428, 1, 2024/05/08, 17:24:46.066, 8915113591716, vstest.console.dll, AssemblyResolver.OnResolve: Microsoft.Bcl.AsyncInterfaces: Assembly path does not exist: 'C:\Program Files\dotnet\sdk\8.0.202\Extensions\Microsoft.Bcl.AsyncInterfaces.exe', returning.
TpTrace Information: 0 : 26428, 1, 2024/05/08, 17:24:46.066, 8915113591925, vstest.console.dll, AssemblyResolver.OnResolve: Microsoft.Bcl.AsyncInterfaces: Searching in: 'C:\Program Files\dotnet\sdk\8.0.202'.
TpTrace Information: 0 : 26428, 1, 2024/05/08, 17:24:46.066, 8915113592297, vstest.console.dll, AssemblyResolver.OnResolve: Microsoft.Bcl.AsyncInterfaces: Assembly path does not exist: 'C:\Program Files\dotnet\sdk\8.0.202\Microsoft.Bcl.AsyncInterfaces.dll', returning.
TpTrace Information: 0 : 26428, 1, 2024/05/08, 17:24:46.066, 8915113592612, vstest.console.dll, AssemblyResolver.OnResolve: Microsoft.Bcl.AsyncInterfaces: Assembly path does not exist: 'C:\Program Files\dotnet\sdk\8.0.202\Microsoft.Bcl.AsyncInterfaces.exe', returning.
TpTrace Information: 0 : 26428, 1, 2024/05/08, 17:24:46.066, 8915113592803, vstest.console.dll, AssemblyResolver.OnResolve: Microsoft.Bcl.AsyncInterfaces: Failed to load assembly.
TpTrace Verbose: 0 : 26428, 1, 2024/05/08, 17:24:46.066, 8915113593018, vstest.console.dll, CurrentDomainAssemblyResolve: Resolving assembly 'Microsoft.Bcl.AsyncInterfaces'.
TpTrace Information: 0 : 26428, 1, 2024/05/08, 17:24:46.066, 8915113593389, vstest.console.dll, AssemblyResolver.OnResolve: Microsoft.Bcl.AsyncInterfaces: Resolving assembly.
TpTrace Information: 0 : 26428, 1, 2024/05/08, 17:24:46.066, 8915113593610, vstest.console.dll, AssemblyResolver.OnResolve: Microsoft.Bcl.AsyncInterfaces: Resolved from cache.
TpTrace Verbose: 0 : 26428, 1, 2024/05/08, 17:24:46.066, 8915113593757, vstest.console.dll, CurrentDomainAssemblyResolve: Resolving assembly 'Microsoft.Bcl.AsyncInterfaces'.
TpTrace Verbose: 0 : 26428, 1, 2024/05/08, 17:24:46.066, 8915113593938, vstest.console.dll, CurrentDomainAssemblyResolve: Failed to resolve assembly 'Microsoft.Bcl.AsyncInterfaces'.
TpTrace Verbose: 0 : 26428, 1, 2024/05/08, 17:24:46.067, 8915113598653, vstest.console.dll, CurrentDomainAssemblyResolve: Failed to resolve assembly 'Microsoft.Bcl.AsyncInterfaces'.
TpTrace Warning: 0 : 26428, 1, 2024/05/08, 17:24:46.075, 8915113685087, vstest.console.dll, TestPluginDiscoverer: Failed to get types from assembly 'Microsoft.Diagnostics.NETCore.Client, Version=0.2.9.2401, Culture=neutral, PublicKeyToken=31bf3856ad364e35'. Error: System.Reflection.ReflectionTypeLoadException: Unable to load one or more of the requested types.
Could not load file or assembly 'Microsoft.Bcl.AsyncInterfaces, Version=6.0.0.0, Culture=neutral, PublicKeyToken=cc7b13ffcd2ddd51'. O sistema não pode encontrar o arquivo especificado.
   at System.Reflection.RuntimeModule.GetTypes(RuntimeModule module)
   at System.Reflection.RuntimeModule.GetTypes()
   at Microsoft.VisualStudio.TestPlatform.Common.ExtensionFramework.TestPluginDiscoverer.GetTestExtensionsFromAssembly[TPluginInfo,TExtension](Assembly assembly, Dictionary`2 pluginInfos, String filePath) in /_/src/Microsoft.TestPlatform.Common/ExtensionFramework/TestPluginDiscoverer.cs:line 158
System.IO.FileNotFoundException: Could not load file or assembly 'Microsoft.Bcl.AsyncInterfaces, Version=6.0.0.0, Culture=neutral, PublicKeyToken=cc7b13ffcd2ddd51'. O sistema não pode encontrar o arquivo especificado.
File name: 'Microsoft.Bcl.AsyncInterfaces, Version=6.0.0.0, Culture=neutral, PublicKeyToken=cc7b13ffcd2ddd51'
 ---> System.IO.FileNotFoundException: Could not load file or assembly 'Microsoft.Bcl.AsyncInterfaces, Culture=neutral, PublicKeyToken=null'. O sistema não pode encontrar o arquivo especificado.
File name: 'Microsoft.Bcl.AsyncInterfaces, Culture=neutral, PublicKeyToken=null'
   at System.Reflection.RuntimeAssembly.InternalLoad(AssemblyName assemblyName, StackCrawlMark& stackMark, AssemblyLoadContext assemblyLoadContext, RuntimeAssembly requestingAssembly, Boolean throwOnFileNotFound)
   at System.Reflection.Assembly.Load(AssemblyName assemblyRef)
   at Microsoft.VisualStudio.TestPlatform.Common.ExtensionFramework.TestPluginCache.CurrentDomainAssemblyResolve(Object sender, AssemblyResolveEventArgs args) in /_/src/Microsoft.TestPlatform.Common/ExtensionFramework/TestPluginCache.cs:line 513
   at System.Runtime.Loader.AssemblyLoadContext.GetFirstResolvedAssemblyFromResolvingEvent(AssemblyName assemblyName)
   at System.Runtime.Loader.AssemblyLoadContext.ResolveUsingEvent(AssemblyName assemblyName)
   at System.Runtime.Loader.AssemblyLoadContext.ResolveUsingResolvingEvent(IntPtr gchManagedAssemblyLoadContext, AssemblyName assemblyName)
TpTrace Warning: 0 : 26428, 1, 2024/05/08, 17:24:46.076, 8915113687814, vstest.console.dll, LoaderExceptions: System.IO.FileNotFoundException: Could not load file or assembly 'Microsoft.Bcl.AsyncInterfaces, Version=6.0.0.0, Culture=neutral, PublicKeyToken=cc7b13ffcd2ddd51'. O sistema não pode encontrar o arquivo especificado.
File name: 'Microsoft.Bcl.AsyncInterfaces, Version=6.0.0.0, Culture=neutral, PublicKeyToken=cc7b13ffcd2ddd51'
 ---> System.IO.FileNotFoundException: Could not load file or assembly 'Microsoft.Bcl.AsyncInterfaces, Culture=neutral, PublicKeyToken=null'. O sistema não pode encontrar o arquivo especificado.
File name: 'Microsoft.Bcl.AsyncInterfaces, Culture=neutral, PublicKeyToken=null'
   at System.Reflection.RuntimeAssembly.InternalLoad(AssemblyName assemblyName, StackCrawlMark& stackMark, AssemblyLoadContext assemblyLoadContext, RuntimeAssembly requestingAssembly, Boolean throwOnFileNotFound)
   at System.Reflection.Assembly.Load(AssemblyName assemblyRef)
   at Microsoft.VisualStudio.TestPlatform.Common.ExtensionFramework.TestPluginCache.CurrentDomainAssemblyResolve(Object sender, AssemblyResolveEventArgs args) in /_/src/Microsoft.TestPlatform.Common/ExtensionFramework/TestPluginCache.cs:line 513
   at System.Runtime.Loader.AssemblyLoadContext.GetFirstResolvedAssemblyFromResolvingEvent(AssemblyName assemblyName)
   at System.Runtime.Loader.AssemblyLoadContext.ResolveUsingEvent(AssemblyName assemblyName)
   at System.Runtime.Loader.AssemblyLoadContext.ResolveUsingResolvingEvent(IntPtr gchManagedAssemblyLoadContext, AssemblyName assemblyName)
TpTrace Information: 0 : 26428, 1, 2024/05/08, 17:24:46.076, 8915113688962, vstest.console.dll, AssemblyResolver.OnResolve: Microsoft.TestPlatform.Extensions.BlameDataCollector: Resolving assembly.
TpTrace Information: 0 : 26428, 1, 2024/05/08, 17:24:46.076, 8915113689348, vstest.console.dll, AssemblyResolver.OnResolve: Microsoft.TestPlatform.Extensions.BlameDataCollector: Searching in: 'C:\Program Files\dotnet\sdk\8.0.202\Extensions'.
TpTrace Information: 0 : 26428, 1, 2024/05/08, 17:24:46.076, 8915113691963, vstest.console.dll, AssemblyResolver.OnResolve: Microsoft.TestPlatform.Extensions.BlameDataCollector: Loading assembly 'C:\Program Files\dotnet\sdk\8.0.202\Extensions\Microsoft.TestPlatform.Extensions.BlameDataCollector.dll'.
TpTrace Information: 0 : 26428, 1, 2024/05/08, 17:24:46.077, 8915113697369, vstest.console.dll, AssemblyResolver.OnResolve: Resolved assembly: Microsoft.TestPlatform.Extensions.BlameDataCollector, from path: C:\Program Files\dotnet\sdk\8.0.202\Extensions\Microsoft.TestPlatform.Extensions.BlameDataCollector.dll
TpTrace Verbose: 0 : 26428, 1, 2024/05/08, 17:24:46.077, 8915113698129, vstest.console.dll, MetadataReaderExtensionsHelper: Discovering extensions inside assembly 'Microsoft.TestPlatform.Extensions.BlameDataCollector, Version=15.0.0.0, Culture=neutral, PublicKeyToken=b03f5f7f11d50a3a' file path 'C:\Program Files\dotnet\sdk\8.0.202\Extensions\Microsoft.TestPlatform.Extensions.BlameDataCollector.dll'
TpTrace Information: 0 : 26428, 1, 2024/05/08, 17:24:46.078, 8915113706734, vstest.console.dll, AssemblyResolver.OnResolve: Microsoft.TestPlatform.Extensions.EventLogCollector: Resolving assembly.
TpTrace Information: 0 : 26428, 1, 2024/05/08, 17:24:46.078, 8915113707235, vstest.console.dll, AssemblyResolver.OnResolve: Microsoft.TestPlatform.Extensions.EventLogCollector: Searching in: 'C:\Program Files\dotnet\sdk\8.0.202\Extensions'.
TpTrace Information: 0 : 26428, 1, 2024/05/08, 17:24:46.078, 8915113709522, vstest.console.dll, AssemblyResolver.OnResolve: Microsoft.TestPlatform.Extensions.EventLogCollector: Loading assembly 'C:\Program Files\dotnet\sdk\8.0.202\Extensions\Microsoft.TestPlatform.Extensions.EventLogCollector.dll'.
TpTrace Information: 0 : 26428, 1, 2024/05/08, 17:24:46.078, 8915113712152, vstest.console.dll, AssemblyResolver.OnResolve: Resolved assembly: Microsoft.TestPlatform.Extensions.EventLogCollector, from path: C:\Program Files\dotnet\sdk\8.0.202\Extensions\Microsoft.TestPlatform.Extensions.EventLogCollector.dll
TpTrace Verbose: 0 : 26428, 1, 2024/05/08, 17:24:46.078, 8915113712576, vstest.console.dll, MetadataReaderExtensionsHelper: Discovering extensions inside assembly 'Microsoft.TestPlatform.Extensions.EventLogCollector, Version=15.0.0.0, Culture=neutral, PublicKeyToken=b03f5f7f11d50a3a' file path 'C:\Program Files\dotnet\sdk\8.0.202\Extensions\Microsoft.TestPlatform.Extensions.EventLogCollector.dll'
TpTrace Information: 0 : 26428, 1, 2024/05/08, 17:24:46.079, 8915113724607, vstest.console.dll, AssemblyResolver.OnResolve: Microsoft.TestPlatform.TestHostRuntimeProvider: Resolving assembly.
TpTrace Information: 0 : 26428, 1, 2024/05/08, 17:24:46.079, 8915113725184, vstest.console.dll, AssemblyResolver.OnResolve: Microsoft.TestPlatform.TestHostRuntimeProvider: Searching in: 'C:\Program Files\dotnet\sdk\8.0.202\Extensions'.
TpTrace Information: 0 : 26428, 1, 2024/05/08, 17:24:46.080, 8915113727101, vstest.console.dll, AssemblyResolver.OnResolve: Microsoft.TestPlatform.TestHostRuntimeProvider: Loading assembly 'C:\Program Files\dotnet\sdk\8.0.202\Extensions\Microsoft.TestPlatform.TestHostRuntimeProvider.dll'.
TpTrace Information: 0 : 26428, 1, 2024/05/08, 17:24:46.080, 8915113733727, vstest.console.dll, AssemblyResolver.OnResolve: Resolved assembly: Microsoft.TestPlatform.TestHostRuntimeProvider, from path: C:\Program Files\dotnet\sdk\8.0.202\Extensions\Microsoft.TestPlatform.TestHostRuntimeProvider.dll
TpTrace Verbose: 0 : 26428, 1, 2024/05/08, 17:24:46.080, 8915113734365, vstest.console.dll, MetadataReaderExtensionsHelper: Discovering extensions inside assembly 'Microsoft.TestPlatform.TestHostRuntimeProvider, Version=15.0.0.0, Culture=neutral, PublicKeyToken=b03f5f7f11d50a3a' file path 'C:\Program Files\dotnet\sdk\8.0.202\Extensions\Microsoft.TestPlatform.TestHostRuntimeProvider.dll'
TpTrace Information: 0 : 26428, 1, 2024/05/08, 17:24:46.081, 8915113744867, vstest.console.dll, GetTestExtensionFromType: Register extension with identifier data 'HostProvider://DefaultTestHost' and type 'Microsoft.VisualStudio.TestPlatform.CrossPlatEngine.Hosting.DefaultTestHostManager, Microsoft.TestPlatform.TestHostRuntimeProvider, Version=15.0.0.0, Culture=neutral, PublicKeyToken=b03f5f7f11d50a3a' inside file 'C:\Program Files\dotnet\sdk\8.0.202\Extensions\Microsoft.TestPlatform.TestHostRuntimeProvider.dll'
TpTrace Information: 0 : 26428, 1, 2024/05/08, 17:24:46.082, 8915113746642, vstest.console.dll, GetTestExtensionFromType: Register extension with identifier data 'HostProvider://DotnetTestHost' and type 'Microsoft.VisualStudio.TestPlatform.CrossPlatEngine.Hosting.DotnetTestHostManager, Microsoft.TestPlatform.TestHostRuntimeProvider, Version=15.0.0.0, Culture=neutral, PublicKeyToken=b03f5f7f11d50a3a' inside file 'C:\Program Files\dotnet\sdk\8.0.202\Extensions\Microsoft.TestPlatform.TestHostRuntimeProvider.dll'
TpTrace Information: 0 : 26428, 1, 2024/05/08, 17:24:46.082, 8915113747154, vstest.console.dll, AssemblyResolver.OnResolve: Microsoft.VisualStudio.TestPlatform.Extensions.Html.TestLogger: Resolving assembly.
TpTrace Information: 0 : 26428, 1, 2024/05/08, 17:24:46.082, 8915113747449, vstest.console.dll, AssemblyResolver.OnResolve: Microsoft.VisualStudio.TestPlatform.Extensions.Html.TestLogger: Searching in: 'C:\Program Files\dotnet\sdk\8.0.202\Extensions'.
TpTrace Information: 0 : 26428, 1, 2024/05/08, 17:24:46.082, 8915113749362, vstest.console.dll, AssemblyResolver.OnResolve: Microsoft.VisualStudio.TestPlatform.Extensions.Html.TestLogger: Loading assembly 'C:\Program Files\dotnet\sdk\8.0.202\Extensions\Microsoft.VisualStudio.TestPlatform.Extensions.Html.TestLogger.dll'.
TpTrace Information: 0 : 26428, 1, 2024/05/08, 17:24:46.082, 8915113754361, vstest.console.dll, AssemblyResolver.OnResolve: Resolved assembly: Microsoft.VisualStudio.TestPlatform.Extensions.Html.TestLogger, from path: C:\Program Files\dotnet\sdk\8.0.202\Extensions\Microsoft.VisualStudio.TestPlatform.Extensions.Html.TestLogger.dll
TpTrace Verbose: 0 : 26428, 1, 2024/05/08, 17:24:46.082, 8915113754873, vstest.console.dll, MetadataReaderExtensionsHelper: Discovering extensions inside assembly 'Microsoft.VisualStudio.TestPlatform.Extensions.Html.TestLogger, Version=15.0.0.0, Culture=neutral, PublicKeyToken=b03f5f7f11d50a3a' file path 'C:\Program Files\dotnet\sdk\8.0.202\Extensions\Microsoft.VisualStudio.TestPlatform.Extensions.Html.TestLogger.dll'
TpTrace Information: 0 : 26428, 1, 2024/05/08, 17:24:46.083, 8915113759690, vstest.console.dll, AssemblyResolver.OnResolve: Microsoft.VisualStudio.TestPlatform.Extensions.Trx.TestLogger: Resolving assembly.
TpTrace Information: 0 : 26428, 1, 2024/05/08, 17:24:46.083, 8915113760148, vstest.console.dll, AssemblyResolver.OnResolve: Microsoft.VisualStudio.TestPlatform.Extensions.Trx.TestLogger: Searching in: 'C:\Program Files\dotnet\sdk\8.0.202\Extensions'.
TpTrace Information: 0 : 26428, 1, 2024/05/08, 17:24:46.083, 8915113761945, vstest.console.dll, AssemblyResolver.OnResolve: Microsoft.VisualStudio.TestPlatform.Extensions.Trx.TestLogger: Loading assembly 'C:\Program Files\dotnet\sdk\8.0.202\Extensions\Microsoft.VisualStudio.TestPlatform.Extensions.Trx.TestLogger.dll'.
TpTrace Information: 0 : 26428, 1, 2024/05/08, 17:24:46.084, 8915113775216, vstest.console.dll, AssemblyResolver.OnResolve: Resolved assembly: Microsoft.VisualStudio.TestPlatform.Extensions.Trx.TestLogger, from path: C:\Program Files\dotnet\sdk\8.0.202\Extensions\Microsoft.VisualStudio.TestPlatform.Extensions.Trx.TestLogger.dll
TpTrace Verbose: 0 : 26428, 1, 2024/05/08, 17:24:46.085, 8915113776598, vstest.console.dll, MetadataReaderExtensionsHelper: Discovering extensions inside assembly 'Microsoft.VisualStudio.TestPlatform.Extensions.Trx.TestLogger, Version=15.0.0.0, Culture=neutral, PublicKeyToken=b03f5f7f11d50a3a' file path 'C:\Program Files\dotnet\sdk\8.0.202\Extensions\Microsoft.VisualStudio.TestPlatform.Extensions.Trx.TestLogger.dll'
TpTrace Verbose: 0 : 26428, 1, 2024/05/08, 17:24:46.086, 8915113787412, vstest.console.dll, TestPluginCache: Discovered the extensions using extension path ''.
TpTrace Verbose: 0 : 26428, 1, 2024/05/08, 17:24:46.086, 8915113788254, vstest.console.dll, TestPluginCache: Discoverers are ''.
TpTrace Verbose: 0 : 26428, 1, 2024/05/08, 17:24:46.086, 8915113788513, vstest.console.dll, TestPluginCache: Executors are ''.
TpTrace Verbose: 0 : 26428, 1, 2024/05/08, 17:24:46.086, 8915113788683, vstest.console.dll, TestPluginCache: Executors2 are ''.
TpTrace Verbose: 0 : 26428, 1, 2024/05/08, 17:24:46.086, 8915113788839, vstest.console.dll, TestPluginCache: Setting providers are ''.
TpTrace Verbose: 0 : 26428, 1, 2024/05/08, 17:24:46.086, 8915113788994, vstest.console.dll, TestPluginCache: Loggers are ''.
TpTrace Verbose: 0 : 26428, 1, 2024/05/08, 17:24:46.086, 8915113789558, vstest.console.dll, TestPluginCache: TestHosts are 'HostProvider://DefaultTestHost,HostProvider://DotnetTestHost'.
TpTrace Verbose: 0 : 26428, 1, 2024/05/08, 17:24:46.086, 8915113789842, vstest.console.dll, TestPluginCache: DataCollectors are ''.
TpTrace Information: 0 : 26428, 1, 2024/05/08, 17:24:46.095, 8915113880236, vstest.console.dll, RunTestsArgumentProcessor:Execute: Test run is starting.
TpTrace Verbose: 0 : 26428, 1, 2024/05/08, 17:24:46.095, 8915113881162, vstest.console.dll, RunTestsArgumentProcessor:Execute: Queuing Test run.
TpTrace Information: 0 : 26428, 1, 2024/05/08, 17:24:46.095, 8915113882608, vstest.console.dll, TestRequestManager.RunTests: run tests started.
TpTrace Information: 0 : 26428, 1, 2024/05/08, 17:24:46.107, 8915114004015, vstest.console.dll, AssemblyMetadataProvider.GetFrameworkName: Determined framework:'.NETCoreApp,Version=v6.0' for source: 'C:\Exercism-Solutions\csharp\bin\Debug\net6.0\fine-code-coverage\build-output\csharp-exercises.dll'
TpTrace Information: 0 : 26428, 1, 2024/05/08, 17:24:46.108, 8915114005862, vstest.console.dll, Determined framework for all sources: .NETCoreApp,Version=v6.0
TpTrace Verbose: 0 : 26428, 1, 2024/05/08, 17:24:46.108, 8915114008716, vstest.console.dll, TestRequestManager.UpdateRunSettingsIfRequired: Default architecture: X64 IsDefaultTargetArchitecture: True, Current process architecture: X64 OperatingSystem: Windows.
TpTrace Information: 0 : 26428, 1, 2024/05/08, 17:24:46.109, 8915114021099, vstest.console.dll, AssemblyMetadataProvider.GetArchitecture: Determined architecture:AnyCPU info for assembly: C:\Exercism-Solutions\csharp\bin\Debug\net6.0\fine-code-coverage\build-output\csharp-exercises.dll
TpTrace Information: 0 : 26428, 1, 2024/05/08, 17:24:46.109, 8915114021682, vstest.console.dll, Determined platform for source 'C:\Exercism-Solutions\csharp\bin\Debug\net6.0\fine-code-coverage\build-output\csharp-exercises.dll' was AnyCPU and it will use the default plaform X64.
TpTrace Information: 0 : 26428, 1, 2024/05/08, 17:24:46.109, 8915114021931, vstest.console.dll, None of the sources provided any runnable platform, using the default platform: X64
TpTrace Information: 0 : 26428, 1, 2024/05/08, 17:24:46.109, 8915114022582, vstest.console.dll, Platform was updated to 'X64'.
TpTrace Information: 0 : 26428, 1, 2024/05/08, 17:24:46.111, 8915114044256, vstest.console.dll, InferRunSettingsHelper.IsTestSettingsEnabled: Unable to navigate to RunSettings/MSTest. Current node: RunSettings
TpTrace Information: 0 : 26428, 1, 2024/05/08, 17:24:46.112, 8915114048720, vstest.console.dll, AssemblyResolver.OnResolve: Microsoft.VisualStudio.TestPlatform.Fakes: Resolving assembly.
TpTrace Information: 0 : 26428, 1, 2024/05/08, 17:24:46.112, 8915114049513, vstest.console.dll, AssemblyResolver.OnResolve: Microsoft.VisualStudio.TestPlatform.Fakes: Searching in: 'C:\Program Files\dotnet\sdk\8.0.202\Extensions'.
TpTrace Information: 0 : 26428, 1, 2024/05/08, 17:24:46.112, 8915114050316, vstest.console.dll, AssemblyResolver.OnResolve: Microsoft.VisualStudio.TestPlatform.Fakes: Assembly path does not exist: 'C:\Program Files\dotnet\sdk\8.0.202\Extensions\Microsoft.VisualStudio.TestPlatform.Fakes.dll', returning.
TpTrace Information: 0 : 26428, 1, 2024/05/08, 17:24:46.112, 8915114050748, vstest.console.dll, AssemblyResolver.OnResolve: Microsoft.VisualStudio.TestPlatform.Fakes: Assembly path does not exist: 'C:\Program Files\dotnet\sdk\8.0.202\Extensions\Microsoft.VisualStudio.TestPlatform.Fakes.exe', returning.
TpTrace Information: 0 : 26428, 1, 2024/05/08, 17:24:46.112, 8915114050931, vstest.console.dll, AssemblyResolver.OnResolve: Microsoft.VisualStudio.TestPlatform.Fakes: Searching in: 'C:\Program Files\dotnet\sdk\8.0.202'.
TpTrace Information: 0 : 26428, 1, 2024/05/08, 17:24:46.112, 8915114051333, vstest.console.dll, AssemblyResolver.OnResolve: Microsoft.VisualStudio.TestPlatform.Fakes: Assembly path does not exist: 'C:\Program Files\dotnet\sdk\8.0.202\Microsoft.VisualStudio.TestPlatform.Fakes.dll', returning.
TpTrace Information: 0 : 26428, 1, 2024/05/08, 17:24:46.112, 8915114051652, vstest.console.dll, AssemblyResolver.OnResolve: Microsoft.VisualStudio.TestPlatform.Fakes: Assembly path does not exist: 'C:\Program Files\dotnet\sdk\8.0.202\Microsoft.VisualStudio.TestPlatform.Fakes.exe', returning.
TpTrace Information: 0 : 26428, 1, 2024/05/08, 17:24:46.112, 8915114051814, vstest.console.dll, AssemblyResolver.OnResolve: Microsoft.VisualStudio.TestPlatform.Fakes: Failed to load assembly.
TpTrace Information: 0 : 26428, 1, 2024/05/08, 17:24:46.112, 8915114053802, vstest.console.dll, Failed to load assembly Microsoft.VisualStudio.TestPlatform.Fakes, Version=17.0.0.0, Culture=neutral. Reason:System.IO.FileNotFoundException: Could not load file or assembly 'Microsoft.VisualStudio.TestPlatform.Fakes, Version=17.0.0.0, Culture=neutral, PublicKeyToken=null'. O sistema não pode encontrar o arquivo especificado.
File name: 'Microsoft.VisualStudio.TestPlatform.Fakes, Version=17.0.0.0, Culture=neutral, PublicKeyToken=null'
   at System.Reflection.RuntimeAssembly.InternalLoad(AssemblyName assemblyName, StackCrawlMark& stackMark, AssemblyLoadContext assemblyLoadContext, RuntimeAssembly requestingAssembly, Boolean throwOnFileNotFound)
   at System.Reflection.Assembly.Load(AssemblyName assemblyRef)
   at Microsoft.VisualStudio.TestPlatform.Common.Utilities.FakesUtilities.LoadTestPlatformAssembly() in /_/src/Microsoft.TestPlatform.Common/Utilities/FakesUtilities.cs:line 272
TpTrace Verbose: 0 : 26428, 1, 2024/05/08, 17:24:46.115, 8915114079871, vstest.console.dll, TestPluginCache.DiscoverTestExtensions: finding test extensions in assemblies ends with: TestLogger.dll TPluginInfo: Microsoft.VisualStudio.TestPlatform.Common.ExtensionFramework.Utilities.TestLoggerPluginInformation TExtension: Microsoft.VisualStudio.TestPlatform.ObjectModel.Client.ITestLogger
TpTrace Verbose: 0 : 26428, 1, 2024/05/08, 17:24:46.115, 8915114080811, vstest.console.dll, TestPluginCache.GetExtensionPaths: Filtered extension paths: 
TpTrace Verbose: 0 : 26428, 1, 2024/05/08, 17:24:46.115, 8915114081024, vstest.console.dll, TestPluginCache.GetExtensionPaths: Added default extension paths: C:\Program Files\dotnet\sdk\8.0.202\Extensions\Microsoft.Diagnostics.NETCore.Client.dll
C:\Program Files\dotnet\sdk\8.0.202\Extensions\Microsoft.TestPlatform.Extensions.BlameDataCollector.dll
C:\Program Files\dotnet\sdk\8.0.202\Extensions\Microsoft.TestPlatform.Extensions.EventLogCollector.dll
C:\Program Files\dotnet\sdk\8.0.202\Extensions\Microsoft.TestPlatform.TestHostRuntimeProvider.dll
C:\Program Files\dotnet\sdk\8.0.202\Extensions\Microsoft.VisualStudio.TestPlatform.Extensions.Html.TestLogger.dll
C:\Program Files\dotnet\sdk\8.0.202\Extensions\Microsoft.VisualStudio.TestPlatform.Extensions.Trx.TestLogger.dll
TpTrace Verbose: 0 : 26428, 1, 2024/05/08, 17:24:46.115, 8915114081202, vstest.console.dll, TestPluginCache.GetExtensionPaths: Added unfilterableExtensionPaths: 
TpTrace Information: 0 : 26428, 1, 2024/05/08, 17:24:46.115, 8915114082797, vstest.console.dll, AssemblyResolver.AddSearchDirectories: Adding more searchDirectories C:\Program Files\dotnet\sdk\8.0.202\Extensions,C:\Program Files\dotnet\sdk\8.0.202
TpTrace Verbose: 0 : 26428, 1, 2024/05/08, 17:24:46.115, 8915114083301, vstest.console.dll, TestPluginCache.DiscoverTestExtensions: Discovering the extensions using extension path.
TpTrace Verbose: 0 : 26428, 1, 2024/05/08, 17:24:46.115, 8915114083642, vstest.console.dll, TestPluginCache.GetExtensionPaths: Filtered extension paths: 
TpTrace Verbose: 0 : 26428, 1, 2024/05/08, 17:24:46.115, 8915114084037, vstest.console.dll, TestPluginCache.GetExtensionPaths: Added default extension paths: C:\Program Files\dotnet\sdk\8.0.202\Extensions\Microsoft.Diagnostics.NETCore.Client.dll
C:\Program Files\dotnet\sdk\8.0.202\Extensions\Microsoft.TestPlatform.Extensions.BlameDataCollector.dll
C:\Program Files\dotnet\sdk\8.0.202\Extensions\Microsoft.TestPlatform.Extensions.EventLogCollector.dll
C:\Program Files\dotnet\sdk\8.0.202\Extensions\Microsoft.TestPlatform.TestHostRuntimeProvider.dll
C:\Program Files\dotnet\sdk\8.0.202\Extensions\Microsoft.VisualStudio.TestPlatform.Extensions.Html.TestLogger.dll
C:\Program Files\dotnet\sdk\8.0.202\Extensions\Microsoft.VisualStudio.TestPlatform.Extensions.Trx.TestLogger.dll
TpTrace Verbose: 0 : 26428, 1, 2024/05/08, 17:24:46.115, 8915114084300, vstest.console.dll, TestPluginCache.GetExtensionPaths: Added unfilterableExtensionPaths: 
TpTrace Verbose: 0 : 26428, 1, 2024/05/08, 17:24:46.115, 8915114084633, vstest.console.dll, TestPluginCache.DiscoverTestExtensions: Discovering the extensions using allExtensionPaths: C:\Program Files\dotnet\sdk\8.0.202\Extensions\Microsoft.Diagnostics.NETCore.Client.dll
C:\Program Files\dotnet\sdk\8.0.202\Extensions\Microsoft.TestPlatform.Extensions.BlameDataCollector.dll
C:\Program Files\dotnet\sdk\8.0.202\Extensions\Microsoft.TestPlatform.Extensions.EventLogCollector.dll
C:\Program Files\dotnet\sdk\8.0.202\Extensions\Microsoft.TestPlatform.TestHostRuntimeProvider.dll
C:\Program Files\dotnet\sdk\8.0.202\Extensions\Microsoft.VisualStudio.TestPlatform.Extensions.Html.TestLogger.dll
C:\Program Files\dotnet\sdk\8.0.202\Extensions\Microsoft.VisualStudio.TestPlatform.Extensions.Trx.TestLogger.dll
TpTrace Information: 0 : 26428, 1, 2024/05/08, 17:24:46.116, 8915114086674, vstest.console.dll, AssemblyResolver.AddSearchDirectories: Adding more searchDirectories C:\Program Files\dotnet\sdk\8.0.202\Extensions,C:\Program Files\dotnet\sdk\8.0.202
TpTrace Information: 0 : 26428, 1, 2024/05/08, 17:24:46.116, 8915114087238, vstest.console.dll, AssemblyResolver.AddSearchDirectories: Adding more searchDirectories C:\Program Files\dotnet\sdk\8.0.202\Extensions,C:\Program Files\dotnet\sdk\8.0.202
TpTrace Information: 0 : 26428, 1, 2024/05/08, 17:24:46.116, 8915114087501, vstest.console.dll, AssemblyResolver.AddSearchDirectories: Adding more searchDirectories C:\Program Files\dotnet\sdk\8.0.202\Extensions,C:\Program Files\dotnet\sdk\8.0.202
TpTrace Information: 0 : 26428, 1, 2024/05/08, 17:24:46.116, 8915114087747, vstest.console.dll, AssemblyResolver.AddSearchDirectories: Adding more searchDirectories C:\Program Files\dotnet\sdk\8.0.202\Extensions,C:\Program Files\dotnet\sdk\8.0.202
TpTrace Information: 0 : 26428, 1, 2024/05/08, 17:24:46.116, 8915114087998, vstest.console.dll, AssemblyResolver.AddSearchDirectories: Adding more searchDirectories C:\Program Files\dotnet\sdk\8.0.202\Extensions,C:\Program Files\dotnet\sdk\8.0.202
TpTrace Information: 0 : 26428, 1, 2024/05/08, 17:24:46.116, 8915114088399, vstest.console.dll, AssemblyResolver.AddSearchDirectories: Adding more searchDirectories C:\Program Files\dotnet\sdk\8.0.202\Extensions,C:\Program Files\dotnet\sdk\8.0.202
TpTrace Verbose: 0 : 26428, 1, 2024/05/08, 17:24:46.116, 8915114089831, vstest.console.dll, MetadataReaderExtensionsHelper: Discovering extensions inside assembly 'Microsoft.Diagnostics.NETCore.Client, Version=0.2.9.2401, Culture=neutral, PublicKeyToken=31bf3856ad364e35' file path 'C:\Program Files\dotnet\sdk\8.0.202\Extensions\Microsoft.Diagnostics.NETCore.Client.dll'
TpTrace Information: 0 : 26428, 1, 2024/05/08, 17:24:46.117, 8915114100091, vstest.console.dll, AssemblyResolver.OnResolve: Microsoft.Bcl.AsyncInterfaces: Resolving assembly.
TpTrace Information: 0 : 26428, 1, 2024/05/08, 17:24:46.117, 8915114100767, vstest.console.dll, AssemblyResolver.OnResolve: Microsoft.Bcl.AsyncInterfaces: Resolved from cache.
TpTrace Verbose: 0 : 26428, 1, 2024/05/08, 17:24:46.117, 8915114101038, vstest.console.dll, CurrentDomainAssemblyResolve: Resolving assembly 'Microsoft.Bcl.AsyncInterfaces'.
TpTrace Information: 0 : 26428, 1, 2024/05/08, 17:24:46.117, 8915114101582, vstest.console.dll, AssemblyResolver.OnResolve: Microsoft.Bcl.AsyncInterfaces: Resolving assembly.
TpTrace Information: 0 : 26428, 1, 2024/05/08, 17:24:46.117, 8915114101833, vstest.console.dll, AssemblyResolver.OnResolve: Microsoft.Bcl.AsyncInterfaces: Resolved from cache.
TpTrace Verbose: 0 : 26428, 1, 2024/05/08, 17:24:46.117, 8915114102243, vstest.console.dll, CurrentDomainAssemblyResolve: Resolving assembly 'Microsoft.Bcl.AsyncInterfaces'.
TpTrace Verbose: 0 : 26428, 1, 2024/05/08, 17:24:46.117, 8915114102471, vstest.console.dll, CurrentDomainAssemblyResolve: Failed to resolve assembly 'Microsoft.Bcl.AsyncInterfaces'.
TpTrace Verbose: 0 : 26428, 1, 2024/05/08, 17:24:46.117, 8915114104281, vstest.console.dll, CurrentDomainAssemblyResolve: Failed to resolve assembly 'Microsoft.Bcl.AsyncInterfaces'.
TpTrace Warning: 0 : 26428, 1, 2024/05/08, 17:24:46.118, 8915114108049, vstest.console.dll, TestPluginDiscoverer: Failed to get types from assembly 'Microsoft.Diagnostics.NETCore.Client, Version=0.2.9.2401, Culture=neutral, PublicKeyToken=31bf3856ad364e35'. Error: System.Reflection.ReflectionTypeLoadException: Unable to load one or more of the requested types.
Could not load file or assembly 'Microsoft.Bcl.AsyncInterfaces, Version=6.0.0.0, Culture=neutral, PublicKeyToken=cc7b13ffcd2ddd51'. O sistema não pode encontrar o arquivo especificado.
   at System.Reflection.RuntimeModule.GetTypes(RuntimeModule module)
   at System.Reflection.RuntimeModule.GetTypes()
   at Microsoft.VisualStudio.TestPlatform.Common.ExtensionFramework.TestPluginDiscoverer.GetTestExtensionsFromAssembly[TPluginInfo,TExtension](Assembly assembly, Dictionary`2 pluginInfos, String filePath) in /_/src/Microsoft.TestPlatform.Common/ExtensionFramework/TestPluginDiscoverer.cs:line 158
System.IO.FileNotFoundException: Could not load file or assembly 'Microsoft.Bcl.AsyncInterfaces, Version=6.0.0.0, Culture=neutral, PublicKeyToken=cc7b13ffcd2ddd51'. O sistema não pode encontrar o arquivo especificado.
File name: 'Microsoft.Bcl.AsyncInterfaces, Version=6.0.0.0, Culture=neutral, PublicKeyToken=cc7b13ffcd2ddd51'
 ---> System.IO.FileNotFoundException: Could not load file or assembly 'Microsoft.Bcl.AsyncInterfaces, Culture=neutral, PublicKeyToken=null'. O sistema não pode encontrar o arquivo especificado.
File name: 'Microsoft.Bcl.AsyncInterfaces, Culture=neutral, PublicKeyToken=null'
   at System.Reflection.RuntimeAssembly.InternalLoad(AssemblyName assemblyName, StackCrawlMark& stackMark, AssemblyLoadContext assemblyLoadContext, RuntimeAssembly requestingAssembly, Boolean throwOnFileNotFound)
   at System.Reflection.Assembly.Load(AssemblyName assemblyRef)
   at Microsoft.VisualStudio.TestPlatform.Common.ExtensionFramework.TestPluginCache.CurrentDomainAssemblyResolve(Object sender, AssemblyResolveEventArgs args) in /_/src/Microsoft.TestPlatform.Common/ExtensionFramework/TestPluginCache.cs:line 513
   at System.Runtime.Loader.AssemblyLoadContext.GetFirstResolvedAssemblyFromResolvingEvent(AssemblyName assemblyName)
   at System.Runtime.Loader.AssemblyLoadContext.ResolveUsingEvent(AssemblyName assemblyName)
   at System.Runtime.Loader.AssemblyLoadContext.ResolveUsingResolvingEvent(IntPtr gchManagedAssemblyLoadContext, AssemblyName assemblyName)
TpTrace Warning: 0 : 26428, 1, 2024/05/08, 17:24:46.118, 8915114109684, vstest.console.dll, LoaderExceptions: System.IO.FileNotFoundException: Could not load file or assembly 'Microsoft.Bcl.AsyncInterfaces, Version=6.0.0.0, Culture=neutral, PublicKeyToken=cc7b13ffcd2ddd51'. O sistema não pode encontrar o arquivo especificado.
File name: 'Microsoft.Bcl.AsyncInterfaces, Version=6.0.0.0, Culture=neutral, PublicKeyToken=cc7b13ffcd2ddd51'
 ---> System.IO.FileNotFoundException: Could not load file or assembly 'Microsoft.Bcl.AsyncInterfaces, Culture=neutral, PublicKeyToken=null'. O sistema não pode encontrar o arquivo especificado.
File name: 'Microsoft.Bcl.AsyncInterfaces, Culture=neutral, PublicKeyToken=null'
   at System.Reflection.RuntimeAssembly.InternalLoad(AssemblyName assemblyName, StackCrawlMark& stackMark, AssemblyLoadContext assemblyLoadContext, RuntimeAssembly requestingAssembly, Boolean throwOnFileNotFound)
   at System.Reflection.Assembly.Load(AssemblyName assemblyRef)
   at Microsoft.VisualStudio.TestPlatform.Common.ExtensionFramework.TestPluginCache.CurrentDomainAssemblyResolve(Object sender, AssemblyResolveEventArgs args) in /_/src/Microsoft.TestPlatform.Common/ExtensionFramework/TestPluginCache.cs:line 513
   at System.Runtime.Loader.AssemblyLoadContext.GetFirstResolvedAssemblyFromResolvingEvent(AssemblyName assemblyName)
   at System.Runtime.Loader.AssemblyLoadContext.ResolveUsingEvent(AssemblyName assemblyName)
   at System.Runtime.Loader.AssemblyLoadContext.ResolveUsingResolvingEvent(IntPtr gchManagedAssemblyLoadContext, AssemblyName assemblyName)
TpTrace Verbose: 0 : 26428, 1, 2024/05/08, 17:24:46.118, 8915114110749, vstest.console.dll, MetadataReaderExtensionsHelper: Discovering extensions inside assembly 'Microsoft.TestPlatform.Extensions.BlameDataCollector, Version=15.0.0.0, Culture=neutral, PublicKeyToken=b03f5f7f11d50a3a' file path 'C:\Program Files\dotnet\sdk\8.0.202\Extensions\Microsoft.TestPlatform.Extensions.BlameDataCollector.dll'
TpTrace Information: 0 : 26428, 1, 2024/05/08, 17:24:46.119, 8915114116287, vstest.console.dll, GetTestExtensionFromType: Register extension with identifier data 'logger://Microsoft/TestPlatform/Extensions/Blame/v1' and type 'Microsoft.TestPlatform.Extensions.BlameDataCollector.BlameLogger, Microsoft.TestPlatform.Extensions.BlameDataCollector, Version=15.0.0.0, Culture=neutral, PublicKeyToken=b03f5f7f11d50a3a' inside file 'C:\Program Files\dotnet\sdk\8.0.202\Extensions\Microsoft.TestPlatform.Extensions.BlameDataCollector.dll'
TpTrace Verbose: 0 : 26428, 1, 2024/05/08, 17:24:46.119, 8915114117282, vstest.console.dll, MetadataReaderExtensionsHelper: Discovering extensions inside assembly 'Microsoft.TestPlatform.Extensions.EventLogCollector, Version=15.0.0.0, Culture=neutral, PublicKeyToken=b03f5f7f11d50a3a' file path 'C:\Program Files\dotnet\sdk\8.0.202\Extensions\Microsoft.TestPlatform.Extensions.EventLogCollector.dll'
TpTrace Verbose: 0 : 26428, 1, 2024/05/08, 17:24:46.119, 8915114119964, vstest.console.dll, MetadataReaderExtensionsHelper: Discovering extensions inside assembly 'Microsoft.TestPlatform.TestHostRuntimeProvider, Version=15.0.0.0, Culture=neutral, PublicKeyToken=b03f5f7f11d50a3a' file path 'C:\Program Files\dotnet\sdk\8.0.202\Extensions\Microsoft.TestPlatform.TestHostRuntimeProvider.dll'
TpTrace Verbose: 0 : 26428, 1, 2024/05/08, 17:24:46.119, 8915114122454, vstest.console.dll, MetadataReaderExtensionsHelper: Discovering extensions inside assembly 'Microsoft.VisualStudio.TestPlatform.Extensions.Html.TestLogger, Version=15.0.0.0, Culture=neutral, PublicKeyToken=b03f5f7f11d50a3a' file path 'C:\Program Files\dotnet\sdk\8.0.202\Extensions\Microsoft.VisualStudio.TestPlatform.Extensions.Html.TestLogger.dll'
TpTrace Information: 0 : 26428, 1, 2024/05/08, 17:24:46.120, 8915114126971, vstest.console.dll, GetTestExtensionFromType: Register extension with identifier data 'logger://Microsoft/TestPlatform/HtmlLogger/v1' and type 'Microsoft.VisualStudio.TestPlatform.Extensions.HtmlLogger.HtmlLogger, Microsoft.VisualStudio.TestPlatform.Extensions.Html.TestLogger, Version=15.0.0.0, Culture=neutral, PublicKeyToken=b03f5f7f11d50a3a' inside file 'C:\Program Files\dotnet\sdk\8.0.202\Extensions\Microsoft.VisualStudio.TestPlatform.Extensions.Html.TestLogger.dll'
TpTrace Verbose: 0 : 26428, 1, 2024/05/08, 17:24:46.120, 8915114127529, vstest.console.dll, MetadataReaderExtensionsHelper: Discovering extensions inside assembly 'Microsoft.VisualStudio.TestPlatform.Extensions.Trx.TestLogger, Version=15.0.0.0, Culture=neutral, PublicKeyToken=b03f5f7f11d50a3a' file path 'C:\Program Files\dotnet\sdk\8.0.202\Extensions\Microsoft.VisualStudio.TestPlatform.Extensions.Trx.TestLogger.dll'
TpTrace Information: 0 : 26428, 1, 2024/05/08, 17:24:46.120, 8915114130607, vstest.console.dll, GetTestExtensionFromType: Register extension with identifier data 'logger://Microsoft/TestPlatform/TrxLogger/v1' and type 'Microsoft.VisualStudio.TestPlatform.Extensions.TrxLogger.TrxLogger, Microsoft.VisualStudio.TestPlatform.Extensions.Trx.TestLogger, Version=15.0.0.0, Culture=neutral, PublicKeyToken=b03f5f7f11d50a3a' inside file 'C:\Program Files\dotnet\sdk\8.0.202\Extensions\Microsoft.VisualStudio.TestPlatform.Extensions.Trx.TestLogger.dll'
TpTrace Verbose: 0 : 26428, 1, 2024/05/08, 17:24:46.120, 8915114131164, vstest.console.dll, TestPluginCache: Discovered the extensions using extension path ''.
TpTrace Verbose: 0 : 26428, 1, 2024/05/08, 17:24:46.120, 8915114131387, vstest.console.dll, TestPluginCache: Discoverers are ''.
TpTrace Verbose: 0 : 26428, 1, 2024/05/08, 17:24:46.120, 8915114131595, vstest.console.dll, TestPluginCache: Executors are ''.
TpTrace Verbose: 0 : 26428, 1, 2024/05/08, 17:24:46.120, 8915114131780, vstest.console.dll, TestPluginCache: Executors2 are ''.
TpTrace Verbose: 0 : 26428, 1, 2024/05/08, 17:24:46.120, 8915114131966, vstest.console.dll, TestPluginCache: Setting providers are ''.
TpTrace Verbose: 0 : 26428, 1, 2024/05/08, 17:24:46.120, 8915114132573, vstest.console.dll, TestPluginCache: Loggers are 'logger://Microsoft/TestPlatform/Extensions/Blame/v1,logger://Microsoft/TestPlatform/HtmlLogger/v1,logger://Microsoft/TestPlatform/TrxLogger/v1'.
TpTrace Verbose: 0 : 26428, 1, 2024/05/08, 17:24:46.120, 8915114132854, vstest.console.dll, TestPluginCache: TestHosts are 'HostProvider://DefaultTestHost,HostProvider://DotnetTestHost'.
TpTrace Verbose: 0 : 26428, 1, 2024/05/08, 17:24:46.120, 8915114133054, vstest.console.dll, TestPluginCache: DataCollectors are ''.
TpTrace Information: 0 : 26428, 1, 2024/05/08, 17:24:46.121, 8915114139897, vstest.console.dll, TestPluginManager.CreateTestExtension: Attempting to load test extension: Microsoft.TestPlatform.Extensions.BlameDataCollector.BlameLogger
TpTrace Verbose: 0 : 26428, 1, 2024/05/08, 17:24:46.126, 8915114191257, vstest.console.dll, TestEngine: Initializing Parallel Execution as MaxCpuCount is set to: 1
TpTrace Information: 0 : 26428, 1, 2024/05/08, 17:24:46.127, 8915114200920, vstest.console.dll, TestPluginManager.CreateTestExtension: Attempting to load test extension: Microsoft.VisualStudio.TestPlatform.CrossPlatEngine.Hosting.DefaultTestHostManager
TpTrace Information: 0 : 26428, 1, 2024/05/08, 17:24:46.128, 8915114209853, vstest.console.dll, TestPluginManager.CreateTestExtension: Attempting to load test extension: Microsoft.VisualStudio.TestPlatform.CrossPlatEngine.Hosting.DotnetTestHostManager
TpTrace Information: 0 : 26428, 1, 2024/05/08, 17:24:46.128, 8915114213629, vstest.console.dll, InferRunSettingsHelper.IsTestSettingsEnabled: Unable to navigate to RunSettings/MSTest. Current node: RunSettings
TpTrace Verbose: 0 : 26428, 1, 2024/05/08, 17:24:46.129, 8915114216924, vstest.console.dll, ParallelOperationManager.ClearSlots: Clearing all slots. Slots should accept more work: True
TpTrace Verbose: 0 : 26428, 1, 2024/05/08, 17:24:46.129, 8915114220782, vstest.console.dll, ParallelOperationManager.SetOccupiedSlotCount: Setting slot counts AvailableSlotCount = 1, OccupiedSlotCount = 0.
TpTrace Verbose: 0 : 26428, 1, 2024/05/08, 17:24:46.129, 8915114222716, vstest.console.dll, Occupied slots:

TpTrace Verbose: 0 : 26428, 1, 2024/05/08, 17:24:46.132, 8915114247526, vstest.console.dll, TestEngine.GetExecutionManager: Chosen execution manager 'Microsoft.VisualStudio.TestPlatform.CrossPlatEngine.Client.Parallel.ParallelProxyExecutionManager, Microsoft.TestPlatform.CrossPlatEngine, Version=15.0.0.0, Culture=neutral, PublicKeyToken=b03f5f7f11d50a3a' ParallelLevel '1'.
TpTrace Verbose: 0 : 26428, 1, 2024/05/08, 17:24:46.132, 8915114249007, vstest.console.dll, TestRunRequest.ExecuteAsync: Creating test run request.
TpTrace Verbose: 0 : 26428, 1, 2024/05/08, 17:24:46.132, 8915114250551, vstest.console.dll, TestRunRequest.ExecuteAsync: Starting.
TpTrace Information: 0 : 26428, 1, 2024/05/08, 17:24:46.133, 8915114258133, vstest.console.dll, TestRunRequest.ExecuteAsync: Starting run with settings:TestRunCriteria:
   KeepAlive=False,FrequencyOfRunStatsChangeEvent=10,RunStatsChangeEventTimeout=00:00:01.5000000,TestCaseFilter=,TestExecutorLauncher=
   Settingsxml=<RunSettings>
  <RunConfiguration>
    <ResultsDirectory>C:\Exercism-Solutions\csharp\bin\Debug\net6.0\fine-code-coverage\coverage-tool-output</ResultsDirectory>
    <TargetPlatform>X64</TargetPlatform>
    <TargetFrameworkVersion>.NETCoreApp,Version=v6.0</TargetFrameworkVersion>
    <DesignMode>False</DesignMode>
    <CollectSourceInformation>False</CollectSourceInformation>
  </RunConfiguration>
  <LoggerRunSettings>
    <Loggers>
      <Logger friendlyName="blame" enabled="True" />
      <Logger friendlyName="Console" uri="logger://microsoft/TestPlatform/ConsoleLogger/v1" assemblyQualifiedName="Microsoft.VisualStudio.TestPlatform.CommandLine.Internal.ConsoleLogger, vstest.console, Version=15.0.0.0, Culture=neutral, PublicKeyToken=b03f5f7f11d50a3a" codeBase="C:\Program Files\dotnet\sdk\8.0.202\vstest.console.dll" enabled="True" />
    </Loggers>
  </LoggerRunSettings>
  <DataCollectionRunSettings>
    <DataCollectors>
      <DataCollector friendlyName="blame" enabled="True">
        <Configuration>
          <ResultsDirectory>C:\Exercism-Solutions\csharp\bin\Debug\net6.0\fine-code-coverage\coverage-tool-output</ResultsDirectory>
        </Configuration>
      </DataCollector>
    </DataCollectors>
  </DataCollectionRunSettings>
</RunSettings>

TpTrace Verbose: 0 : 26428, 1, 2024/05/08, 17:24:46.133, 8915114258628, vstest.console.dll, TestRunRequest.ExecuteAsync: Wait for the first run request is over.
TpTrace Verbose: 0 : 26428, 1, 2024/05/08, 17:24:46.133, 8915114261146, vstest.console.dll, MulticastDelegateUtilities.SafeInvoke: TestRun.TestRunStart: Invoking callbacks was skipped because there are no subscribers.
TpTrace Verbose: 0 : 26428, 5, 2024/05/08, 17:24:46.133, 8915114264232, vstest.console.dll, MulticastDelegateUtilities.SafeInvoke: InternalTestLoggerEvents.SendTestRunStart: Invoking callback 1/1 for Microsoft.VisualStudio.TestPlatform.CommandLine.Internal.ConsoleLogger., took 0 ms.
TpTrace Verbose: 0 : 26428, 1, 2024/05/08, 17:24:46.134, 8915114268723, vstest.console.dll, ParallelProxyExecutionManager: Start execution. Total sources: 1
TpTrace Verbose: 0 : 26428, 1, 2024/05/08, 17:24:46.134, 8915114271129, vstest.console.dll, ParallelOperationManager.StartWork: Starting adding 1 workloads.
TpTrace Verbose: 0 : 26428, 1, 2024/05/08, 17:24:46.134, 8915114271542, vstest.console.dll, ParallelOperationManager.ClearSlots: Clearing all slots. Slots should accept more work: True
TpTrace Verbose: 0 : 26428, 1, 2024/05/08, 17:24:46.134, 8915114271948, vstest.console.dll, ParallelOperationManager.SetOccupiedSlotCount: Setting slot counts AvailableSlotCount = 1, OccupiedSlotCount = 0.
TpTrace Verbose: 0 : 26428, 1, 2024/05/08, 17:24:46.134, 8915114272158, vstest.console.dll, Occupied slots:

TpTrace Verbose: 0 : 26428, 1, 2024/05/08, 17:24:46.135, 8915114280544, vstest.console.dll, TestRequestSender is acting as server.
TpTrace Verbose: 0 : 26428, 1, 2024/05/08, 17:24:46.136, 8915114287483, vstest.console.dll, ParallelOperationManager.RunWorkInParallel: Adding 1 workload to slot, remaining workloads 0.
TpTrace Verbose: 0 : 26428, 1, 2024/05/08, 17:24:46.136, 8915114287901, vstest.console.dll, ParallelOperationManager.SetOccupiedSlotCount: Setting slot counts AvailableSlotCount = 0, OccupiedSlotCount = 1.
TpTrace Verbose: 0 : 26428, 1, 2024/05/08, 17:24:46.136, 8915114288529, vstest.console.dll, Occupied slots:
0: C:\Exercism-Solutions\csharp\bin\Debug\net6.0\fine-code-coverage\build-output\csharp-exercises.dll
TpTrace Verbose: 0 : 26428, 1, 2024/05/08, 17:24:46.136, 8915114295054, vstest.console.dll, ParallelOperationManager.RunWorkInParallel: Started host in slot number 0 for work (source): C:\Exercism-Solutions\csharp\bin\Debug\net6.0\fine-code-coverage\build-output\csharp-exercises.dll.
TpTrace Verbose: 0 : 26428, 1, 2024/05/08, 17:24:46.138, 8915114306560, vstest.console.dll, ParallelOperationManager.RunWorkInParallel: We started 1 work items, which is the max parallel level. Won't start more work.
TpTrace Verbose: 0 : 26428, 1, 2024/05/08, 17:24:46.138, 8915114307320, vstest.console.dll, ParallelOperationManager.RunWorkInParallel: We started 1 work items in here, returning True.
TpTrace Information: 0 : 26428, 1, 2024/05/08, 17:24:46.138, 8915114307862, vstest.console.dll, TestRunRequest.ExecuteAsync: Started.
TpTrace Verbose: 0 : 26428, 6, 2024/05/08, 17:24:46.138, 8915114308552, vstest.console.dll, ParallelProxyExecutionManager.StartTestRunOnConcurrentManager: Initializing uninitialized client. Started clients: 0
TpTrace Verbose: 0 : 26428, 6, 2024/05/08, 17:24:46.138, 8915114309849, vstest.console.dll, DataCollectionRequestSender.InitializeCommunication : Initialize communication. 
TpTrace Verbose: 0 : 26428, 1, 2024/05/08, 17:24:46.138, 8915114312569, vstest.console.dll, TestRunRequest.WaitForCompletion: Waiting with timeout -1.
TpTrace Information: 0 : 26428, 6, 2024/05/08, 17:24:46.144, 8915114367304, vstest.console.dll, Listening on Endpoint : 127.0.0.1:51136
TpTrace Verbose: 0 : 26428, 6, 2024/05/08, 17:24:46.150, 8915114429304, vstest.console.dll, DotnetDataCollectionLauncher: Adding  --runtimeconfig "C:\Program Files\dotnet\sdk\8.0.202\datacollector.runtimeconfig.json" in args
TpTrace Verbose: 0 : 26428, 6, 2024/05/08, 17:24:46.150, 8915114430718, vstest.console.dll, DotnetDataCollectionLauncher: Adding  --depsfile "C:\Program Files\dotnet\sdk\8.0.202\datacollector.deps.json" in args
TpTrace Verbose: 0 : 26428, 6, 2024/05/08, 17:24:46.150, 8915114431890, vstest.console.dll, DotnetDataCollectionLauncher: Full path of dotnet.exe is C:\Program Files\dotnet\dotnet.exe
TpTrace Information: 0 : 26428, 6, 2024/05/08, 17:24:46.172, 8915114648213, vstest.console.dll, ProxyDataCollectionManager.Initialize: Launched datacollector processId: 46412 port: 51136
TpTrace Information: 0 : 26428, 6, 2024/05/08, 17:24:46.172, 8915114649458, vstest.console.dll, ProxyDataCollectionManager.Initialize: waiting for connection with timeout: 90 seconds
TpTrace Verbose: 0 : 26428, 6, 2024/05/08, 17:24:46.172, 8915114650178, vstest.console.dll, DataCollectionRequestSender.WaitForRequestHandlerConnection : Waiting for connection with timeout: 90000
TpTrace Information: 0 : 26428, 8, 2024/05/08, 17:24:46.352, 8915116453979, vstest.console.dll, Using the buffer size of 16384 bytes
TpTrace Verbose: 0 : 26428, 6, 2024/05/08, 17:24:46.352, 8915116454137, vstest.console.dll, SocketCommunicationManager.WaitForClientConnection took: 180 ms, with 90000 ms timeout, and finished with True.
TpTrace Information: 0 : 26428, 8, 2024/05/08, 17:24:46.353, 8915116455650, vstest.console.dll, Accepted Client request and set the flag
TpTrace Verbose: 0 : 26428, 6, 2024/05/08, 17:24:46.353, 8915116457184, vstest.console.dll, ProxyDataCollectionManager.InvokeDataCollectionServiceAction: Starting.
TpTrace Information: 0 : 26428, 6, 2024/05/08, 17:24:46.353, 8915116458160, vstest.console.dll, ProxyDataCollectionManager.BeforeTestRunStart: Get environment variable and port for datacollector processId: 46412 port: 51136
TpTrace Verbose: 0 : 26428, 6, 2024/05/08, 17:24:46.353, 8915116459311, vstest.console.dll, DataCollectionRequestSender.SendBeforeTestRunStartAndGetResult: Send BeforeTestRunStart message with settingsXml <RunSettings><RunConfiguration><ResultsDirectory>C:\Exercism-Solutions\csharp\bin\Debug\net6.0\fine-code-coverage\coverage-tool-output</ResultsDirectory><TargetPlatform>X64</TargetPlatform><TargetFrameworkVersion>.NETCoreApp,Version=v6.0</TargetFrameworkVersion><DesignMode>False</DesignMode><CollectSourceInformation>False</CollectSourceInformation><TestAdaptersPaths>C:\Program Files\dotnet\sdk\8.0.202\Extensions</TestAdaptersPaths></RunConfiguration><LoggerRunSettings><Loggers><Logger friendlyName="blame" enabled="True" /><Logger friendlyName="Console" uri="logger://microsoft/TestPlatform/ConsoleLogger/v1" assemblyQualifiedName="Microsoft.VisualStudio.TestPlatform.CommandLine.Internal.ConsoleLogger, vstest.console, Version=15.0.0.0, Culture=neutral, PublicKeyToken=b03f5f7f11d50a3a" codeBase="C:\Program Files\dotnet\sdk\8.0.202\vstest.console.dll" enabled="True" /></Loggers></LoggerRunSettings><DataCollectionRunSettings><DataCollectors><DataCollector friendlyName="blame" enabled="True"><Configuration><ResultsDirectory>C:\Exercism-Solutions\csharp\bin\Debug\net6.0\fine-code-coverage\coverage-tool-output</ResultsDirectory></Configuration></DataCollector></DataCollectors></DataCollectionRunSettings></RunSettings> and sources System.Collections.Generic.List`1[System.String]: 
TpTrace Verbose: 0 : 26428, 6, 2024/05/08, 17:24:46.398, 8915116909397, vstest.console.dll, DataCollectionRequestSender.SendBeforeTestRunStartAndGetResult: Received message: (DataCollection.SendMessage) -> {"MessageType":"DataCollection.SendMessage","Payload":{"FriendlyName":null,"Uri":null,"TestCaseId":"00000000-0000-0000-0000-000000000000","Message":"Logging DataCollector Diagnostics in file: C:\\Exercism-Solutions\\csharp\\bin\\Debug\\net6.0\\fine-code-coverage\\coverage-tool-output\\diagnostics.datacollector.24-05-08_17-24-46_15004_6.log","Level":0}}
TpTrace Verbose: 0 : 26428, 6, 2024/05/08, 17:24:46.477, 8915117701423, vstest.console.dll, DataCollectionRequestSender.SendBeforeTestRunStartAndGetResult: Received message: (DataCollection.BeforeTestRunStartResult) -> {"MessageType":"DataCollection.BeforeTestRunStartResult","Payload":{"EnvironmentVariables":{},"DataCollectionEventsPort":51138}}
TpTrace Information: 0 : 26428, 6, 2024/05/08, 17:24:46.485, 8915117782615, vstest.console.dll, ProxyDataCollectionManager.BeforeTestRunStart: SendBeforeTestRunStartAndGetResult successful, env variable from datacollector:   and testhost port: 51138
TpTrace Information: 0 : 26428, 6, 2024/05/08, 17:24:46.485, 8915117784164, vstest.console.dll, ProxyDataCollectionManager.InvokeDataCollectionServiceAction: Completed.
TpTrace Verbose: 0 : 26428, 6, 2024/05/08, 17:24:46.485, 8915117784507, vstest.console.dll, ParallelProxyExecutionManager.StartTestRunOnConcurrentManager: Initializing test run. Started clients: 0
TpTrace Verbose: 0 : 26428, 6, 2024/05/08, 17:24:46.485, 8915117785287, vstest.console.dll, ProxyExecutionManager: Test host is always Lazy initialize.
TpTrace Verbose: 0 : 26428, 6, 2024/05/08, 17:24:46.486, 8915117787603, vstest.console.dll, TestRequestSender.InitializeCommunication: initialize communication. 
TpTrace Information: 0 : 26428, 6, 2024/05/08, 17:24:46.486, 8915117793568, vstest.console.dll, SocketServer.Start: Listening on endpoint : 127.0.0.1:51139
TpTrace Verbose: 0 : 26428, 6, 2024/05/08, 17:24:46.487, 8915117800538, vstest.console.dll, DotnetTestHostmanager.GetTestHostProcessStartInfo: Platform environment 'X64' target architecture 'X64' framework '.NETCoreApp,Version=v6.0' OS 'Windows'
TpTrace Verbose: 0 : 26428, 6, 2024/05/08, 17:24:46.487, 8915117802803, vstest.console.dll, DotnetTestHostmanager: Adding  --runtimeconfig "C:\Exercism-Solutions\csharp\bin\Debug\net6.0\fine-code-coverage\build-output\csharp-exercises.runtimeconfig.json" in args
TpTrace Verbose: 0 : 26428, 6, 2024/05/08, 17:24:46.487, 8915117803681, vstest.console.dll, DotnetTestHostmanager: Adding  --depsfile "C:\Exercism-Solutions\csharp\bin\Debug\net6.0\fine-code-coverage\build-output\csharp-exercises.deps.json" in args
TpTrace Verbose: 0 : 26428, 6, 2024/05/08, 17:24:46.487, 8915117805246, vstest.console.dll, DotnetTestHostmanager.IsWinOnArm: Current PROCESSOR_ARCHITECTURE from environment variable 'AMD64'
TpTrace Verbose: 0 : 26428, 6, 2024/05/08, 17:24:46.488, 8915117805930, vstest.console.dll, DotnetTestHostmanager.IsWinOnArm: Is Windows on ARM 'False'
TpTrace Verbose: 0 : 26428, 6, 2024/05/08, 17:24:46.488, 8915117807226, vstest.console.dll, DotnetTestHostManager: testhost.exe found at path: C:\Exercism-Solutions\csharp\bin\Debug\net6.0\fine-code-coverage\build-output\testhost.exe
TpTrace Verbose: 0 : 26428, 6, 2024/05/08, 17:24:46.488, 8915117807549, vstest.console.dll, DotnetTestHostmanager: Full path of host exe is C:\Exercism-Solutions\csharp\bin\Debug\net6.0\fine-code-coverage\build-output\testhost.exe
TpTrace Verbose: 0 : 26428, 6, 2024/05/08, 17:24:46.488, 8915117808666, vstest.console.dll, DotnetTestHostmanager.LaunchTestHostAsync: Found 'VSTEST_WINAPPHOST_DOTNET_ROOT' in env variables, value 'C:\Program Files\dotnet', forwarding to 'DOTNET_ROOT'
TpTrace Verbose: 0 : 26428, 6, 2024/05/08, 17:24:46.488, 8915117809862, vstest.console.dll, DotnetTestHostManager: Starting process 'C:\Exercism-Solutions\csharp\bin\Debug\net6.0\fine-code-coverage\build-output\testhost.exe' with command line ' --runtimeconfig "C:\Exercism-Solutions\csharp\bin\Debug\net6.0\fine-code-coverage\build-output\csharp-exercises.runtimeconfig.json" --depsfile "C:\Exercism-Solutions\csharp\bin\Debug\net6.0\fine-code-coverage\build-output\csharp-exercises.deps.json" --port 51139 --endpoint 127.0.0.1:051139 --role client --parentprocessid 26428 --diag "C:\Exercism-Solutions\csharp\bin\Debug\net6.0\fine-code-coverage\coverage-tool-output\diagnostics.host.24-05-08_17-24-46_48720_6.log" --tracelevel 4 --datacollectionport 51138 --telemetryoptedin false'
TpTrace Verbose: 0 : 26428, 6, 2024/05/08, 17:24:46.521, 8915118143423, vstest.console.dll, MulticastDelegateUtilities.SafeInvoke: HostProviderEvents.OnHostLaunched: Invoking callback 1/2 for Microsoft.VisualStudio.TestPlatform.CrossPlatEngine.Client.ProxyExecutionManagerWithDataCollection., took 1 ms.
TpTrace Verbose: 0 : 26428, 6, 2024/05/08, 17:24:46.522, 8915118146592, vstest.console.dll, Test Runtime launched
TpTrace Verbose: 0 : 26428, 6, 2024/05/08, 17:24:46.522, 8915118147261, vstest.console.dll, MulticastDelegateUtilities.SafeInvoke: HostProviderEvents.OnHostLaunched: Invoking callback 2/2 for Microsoft.VisualStudio.TestPlatform.CrossPlatEngine.Client.ProxyOperationManager., took 0 ms.
TpTrace Verbose: 0 : 26428, 6, 2024/05/08, 17:24:46.522, 8915118148418, vstest.console.dll, TestRequestSender.WaitForRequestHandlerConnection: waiting for connection with timeout: 90000.
TpTrace Verbose: 0 : 26428, 6, 2024/05/08, 17:24:46.697, 8915119902782, vstest.console.dll, TestRequestSender.WaitForRequestHandlerConnection: waiting took 175 ms, with timeout 90000 ms, and result 0, which is success.
TpTrace Verbose: 0 : 26428, 8, 2024/05/08, 17:24:46.697, 8915119902783, vstest.console.dll, MulticastDelegateUtilities.SafeInvoke: SocketServer: ClientConnected: Invoking callback 1/1 for Microsoft.VisualStudio.TestPlatform.CommunicationUtilities.TestRequestSender., took 0 ms.
TpTrace Verbose: 0 : 26428, 8, 2024/05/08, 17:24:46.697, 8915119905211, vstest.console.dll, SocketServer.OnClientConnected: Client connected for endPoint: 127.0.0.1:51139, starting MessageLoopAsync:
TpTrace Verbose: 0 : 26428, 8, 2024/05/08, 17:24:46.698, 8915119910388, vstest.console.dll, TcpClientExtensions.MessageLoopAsync: Polling on remoteEndPoint: 127.0.0.1:51140 localEndPoint: 127.0.0.1:51139 after 0 ms
TpTrace Verbose: 0 : 26428, 6, 2024/05/08, 17:24:46.698, 8915119910784, vstest.console.dll, TestRequestSender.CheckVersionWithTestHost: Sending check version message: {"MessageType":"ProtocolVersion","Payload":7}
TpTrace Verbose: 0 : 26428, 8, 2024/05/08, 17:24:46.804, 8915120973534, vstest.console.dll, TcpClientExtensions.MessageLoopAsync: NotifyDataAvailable remoteEndPoint: 127.0.0.1:51140 localEndPoint: 127.0.0.1:51139
TpTrace Verbose: 0 : 26428, 8, 2024/05/08, 17:24:46.805, 8915120976198, vstest.console.dll, TestRequestSender.CheckVersionWithTestHost: onMessageReceived received message: (ProtocolVersion) -> {"MessageType":"ProtocolVersion","Payload":7}
TpTrace Verbose: 0 : 26428, 8, 2024/05/08, 17:24:46.805, 8915120982210, vstest.console.dll, MulticastDelegateUtilities.SafeInvoke: LengthPrefixCommunicationChannel: MessageReceived: Invoking callback 1/1 for Microsoft.VisualStudio.TestPlatform.CommunicationUtilities.TestRequestSender+<>c__DisplayClass29_0., took 0 ms.
TpTrace Verbose: 0 : 26428, 8, 2024/05/08, 17:24:46.805, 8915120983101, vstest.console.dll, TcpClientExtensions.MessageLoopAsync: Polling on remoteEndPoint: 127.0.0.1:51140 localEndPoint: 127.0.0.1:51139 after 107 ms
TpTrace Verbose: 0 : 26428, 6, 2024/05/08, 17:24:46.805, 8915120984645, vstest.console.dll, TestPluginCache.GetExtensionPaths: Filtered extension paths: 
TpTrace Verbose: 0 : 26428, 6, 2024/05/08, 17:24:46.806, 8915120985561, vstest.console.dll, TestPluginCache.GetExtensionPaths: Added default extension paths: C:\Program Files\dotnet\sdk\8.0.202\Extensions\Microsoft.Diagnostics.NETCore.Client.dll
C:\Program Files\dotnet\sdk\8.0.202\Extensions\Microsoft.TestPlatform.Extensions.BlameDataCollector.dll
C:\Program Files\dotnet\sdk\8.0.202\Extensions\Microsoft.TestPlatform.Extensions.EventLogCollector.dll
C:\Program Files\dotnet\sdk\8.0.202\Extensions\Microsoft.TestPlatform.TestHostRuntimeProvider.dll
C:\Program Files\dotnet\sdk\8.0.202\Extensions\Microsoft.VisualStudio.TestPlatform.Extensions.Html.TestLogger.dll
C:\Program Files\dotnet\sdk\8.0.202\Extensions\Microsoft.VisualStudio.TestPlatform.Extensions.Trx.TestLogger.dll
TpTrace Verbose: 0 : 26428, 6, 2024/05/08, 17:24:46.806, 8915120985978, vstest.console.dll, TestPluginCache.GetExtensionPaths: Added unfilterableExtensionPaths: 
TpTrace Verbose: 0 : 26428, 6, 2024/05/08, 17:24:46.808, 8915121006114, vstest.console.dll, TestRequestSender.InitializeExecution: Sending initialize execution with message: {"Version":7,"MessageType":"TestExecution.Initialize","Payload":["C:\\Exercism-Solutions\\csharp\\bin\\Debug\\net6.0\\fine-code-coverage\\build-output\\xunit.runner.visualstudio.testadapter.dll"]}
TpTrace Verbose: 0 : 26428, 6, 2024/05/08, 17:24:46.808, 8915121007689, vstest.console.dll, ParallelProxyExecutionManager.StartTestRunOnConcurrentManager: Execution starting. Started clients: 1
TpTrace Verbose: 0 : 26428, 6, 2024/05/08, 17:24:46.808, 8915121009360, vstest.console.dll, TestRunRequest:SendTestRunMessage: Starting.
TpTrace Verbose: 0 : 26428, 6, 2024/05/08, 17:24:46.808, 8915121010667, vstest.console.dll, MulticastDelegateUtilities.SafeInvoke: TestRun.LogMessages: Invoking callback 1/1 for Microsoft.VisualStudio.TestPlatform.CommandLine.TestRunResultAggregator., took 0 ms.
TpTrace Information: 0 : 26428, 6, 2024/05/08, 17:24:46.808, 8915121010910, vstest.console.dll, TestRunRequest:SendTestRunMessage: Completed.
TpTrace Verbose: 0 : 26428, 8, 2024/05/08, 17:24:46.808, 8915121012226, vstest.console.dll, TcpClientExtensions.MessageLoopAsync: NotifyDataAvailable remoteEndPoint: 127.0.0.1:51140 localEndPoint: 127.0.0.1:51139
TpTrace Warning: 0 : 26428, 6, 2024/05/08, 17:24:46.808, 8915121013492, vstest.console.dll, InferRunSettingsHelper.MakeRunsettingsCompatible: Removing the following settings: TargetPlatform from RunSettings file. To use those settings please move to latest version of Microsoft.NET.Test.Sdk
TpTrace Verbose: 0 : 26428, 5, 2024/05/08, 17:24:46.808, 8915121015327, vstest.console.dll, MulticastDelegateUtilities.SafeInvoke: InternalTestLoggerEvents.SendTestRunMessage: Invoking callback 1/1 for Microsoft.VisualStudio.TestPlatform.CommandLine.Internal.ConsoleLogger., took 0 ms.
TpTrace Verbose: 0 : 26428, 8, 2024/05/08, 17:24:46.809, 8915121020974, vstest.console.dll, TestRequestSender.OnExecutionMessageReceived: Received message: {"Version":7,"MessageType":"TestSession.Message","Payload":{"MessageLevel":0,"Message":"Logging TestHost Diagnostics in file: C:\\Exercism-Solutions\\csharp\\bin\\Debug\\net6.0\\fine-code-coverage\\coverage-tool-output\\diagnostics.host.24-05-08_17-24-46_48720_6.log"}}
TpTrace Verbose: 0 : 26428, 8, 2024/05/08, 17:24:46.811, 8915121037360, vstest.console.dll, TestRunRequest:SendTestRunMessage: Starting.
TpTrace Verbose: 0 : 26428, 8, 2024/05/08, 17:24:46.811, 8915121038529, vstest.console.dll, MulticastDelegateUtilities.SafeInvoke: TestRun.LogMessages: Invoking callback 1/1 for Microsoft.VisualStudio.TestPlatform.CommandLine.TestRunResultAggregator., took 0 ms.
TpTrace Information: 0 : 26428, 8, 2024/05/08, 17:24:46.811, 8915121038902, vstest.console.dll, TestRunRequest:SendTestRunMessage: Completed.
TpTrace Verbose: 0 : 26428, 8, 2024/05/08, 17:24:46.811, 8915121039119, vstest.console.dll, MulticastDelegateUtilities.SafeInvoke: LengthPrefixCommunicationChannel: MessageReceived: Invoking callback 1/1 for Microsoft.VisualStudio.TestPlatform.CommunicationUtilities.TestRequestSender+<>c__DisplayClass34_0., took 1 ms.
TpTrace Verbose: 0 : 26428, 8, 2024/05/08, 17:24:46.811, 8915121039329, vstest.console.dll, TcpClientExtensions.MessageLoopAsync: Polling on remoteEndPoint: 127.0.0.1:51140 localEndPoint: 127.0.0.1:51139 after 5 ms
TpTrace Verbose: 0 : 26428, 5, 2024/05/08, 17:24:46.811, 8915121041050, vstest.console.dll, MulticastDelegateUtilities.SafeInvoke: InternalTestLoggerEvents.SendTestRunMessage: Invoking callback 1/1 for Microsoft.VisualStudio.TestPlatform.CommandLine.Internal.ConsoleLogger., took 0 ms.
TpTrace Verbose: 0 : 26428, 6, 2024/05/08, 17:24:46.812, 8915121053210, vstest.console.dll, TestRequestSender.StartTestRun: Sending test run with message: {"Version":7,"MessageType":"TestExecution.StartWithSources","Payload":{"AdapterSourceMap":{"_none_":["C:\\Exercism-Solutions\\csharp\\bin\\Debug\\net6.0\\fine-code-coverage\\build-output\\csharp-exercises.dll"]},"RunSettings":"<RunSettings>\r\n  <RunConfiguration>\r\n    <ResultsDirectory>C:\\Exercism-Solutions\\csharp\\bin\\Debug\\net6.0\\fine-code-coverage\\coverage-tool-output</ResultsDirectory>\r\n    <TargetFrameworkVersion>.NETCoreApp,Version=v6.0</TargetFrameworkVersion>\r\n    <DesignMode>False</DesignMode>\r\n    <CollectSourceInformation>False</CollectSourceInformation>\r\n  </RunConfiguration>\r\n  <LoggerRunSettings>\r\n    <Loggers>\r\n      <Logger friendlyName=\"blame\" enabled=\"True\" />\r\n      <Logger friendlyName=\"Console\" uri=\"logger://microsoft/TestPlatform/ConsoleLogger/v1\" assemblyQualifiedName=\"Microsoft.VisualStudio.TestPlatform.CommandLine.Internal.ConsoleLogger, vstest.console, Version=15.0.0.0, Culture=neutral, PublicKeyToken=b03f5f7f11d50a3a\" codeBase=\"C:\\Program Files\\dotnet\\sdk\\8.0.202\\vstest.console.dll\" enabled=\"True\" />\r\n    </Loggers>\r\n  </LoggerRunSettings>\r\n  <DataCollectionRunSettings>\r\n    <DataCollectors>\r\n      <DataCollector friendlyName=\"blame\" enabled=\"True\">\r\n        <Configuration>\r\n          <ResultsDirectory>C:\\Exercism-Solutions\\csharp\\bin\\Debug\\net6.0\\fine-code-coverage\\coverage-tool-output</ResultsDirectory>\r\n        </Configuration>\r\n      </DataCollector>\r\n    </DataCollectors>\r\n  </DataCollectionRunSettings>\r\n</RunSettings>","TestExecutionContext":{"FrequencyOfRunStatsChangeEvent":10,"RunStatsChangeEventTimeout":"00:00:01.5000000","InIsolation":false,"KeepAlive":false,"AreTestCaseLevelEventsRequired":false,"IsDebug":false,"TestCaseFilter":null,"FilterOptions":null},"Package":null}}
TpTrace Verbose: 0 : 26428, 6, 2024/05/08, 17:24:46.812, 8915121055146, vstest.console.dll, ParallelProxyExecutionManager.StartTestRunOnConcurrentManager: Execution started. Started clients: 1
TpTrace Verbose: 0 : 26428, 8, 2024/05/08, 17:24:46.938, 8915122307296, vstest.console.dll, TcpClientExtensions.MessageLoopAsync: NotifyDataAvailable remoteEndPoint: 127.0.0.1:51140 localEndPoint: 127.0.0.1:51139
TpTrace Verbose: 0 : 26428, 8, 2024/05/08, 17:24:46.938, 8915122309123, vstest.console.dll, TestRequestSender.OnExecutionMessageReceived: Received message: {"Version":7,"MessageType":"TestSession.Message","Payload":{"MessageLevel":0,"Message":"[xUnit.net 00:00:00.00] xUnit.net VSTest Adapter v2.8.0+6438bb880a (64-bit .NET 6.0.28)"}}
TpTrace Verbose: 0 : 26428, 8, 2024/05/08, 17:24:46.938, 8915122310784, vstest.console.dll, TestRunRequest:SendTestRunMessage: Starting.
TpTrace Verbose: 0 : 26428, 8, 2024/05/08, 17:24:46.938, 8915122311306, vstest.console.dll, MulticastDelegateUtilities.SafeInvoke: TestRun.LogMessages: Invoking callback 1/1 for Microsoft.VisualStudio.TestPlatform.CommandLine.TestRunResultAggregator., took 0 ms.
TpTrace Information: 0 : 26428, 8, 2024/05/08, 17:24:46.938, 8915122311690, vstest.console.dll, TestRunRequest:SendTestRunMessage: Completed.
TpTrace Verbose: 0 : 26428, 8, 2024/05/08, 17:24:46.938, 8915122311874, vstest.console.dll, MulticastDelegateUtilities.SafeInvoke: LengthPrefixCommunicationChannel: MessageReceived: Invoking callback 1/1 for Microsoft.VisualStudio.TestPlatform.CommunicationUtilities.TestRequestSender+<>c__DisplayClass34_0., took 0 ms.
TpTrace Verbose: 0 : 26428, 8, 2024/05/08, 17:24:46.938, 8915122312074, vstest.console.dll, TcpClientExtensions.MessageLoopAsync: Polling on remoteEndPoint: 127.0.0.1:51140 localEndPoint: 127.0.0.1:51139 after 127 ms
TpTrace Verbose: 0 : 26428, 5, 2024/05/08, 17:24:46.938, 8915122312101, vstest.console.dll, MulticastDelegateUtilities.SafeInvoke: InternalTestLoggerEvents.SendTestRunMessage: Invoking callback 1/1 for Microsoft.VisualStudio.TestPlatform.CommandLine.Internal.ConsoleLogger., took 0 ms.
TpTrace Verbose: 0 : 26428, 8, 2024/05/08, 17:24:47.430, 8915127227869, vstest.console.dll, TcpClientExtensions.MessageLoopAsync: NotifyDataAvailable remoteEndPoint: 127.0.0.1:51140 localEndPoint: 127.0.0.1:51139
TpTrace Verbose: 0 : 26428, 8, 2024/05/08, 17:24:47.430, 8915127229877, vstest.console.dll, TestRequestSender.OnExecutionMessageReceived: Received message: {"Version":7,"MessageType":"TestSession.Message","Payload":{"MessageLevel":0,"Message":"[xUnit.net 00:00:00.49]   Discovering: csharp-exercises"}}
TpTrace Verbose: 0 : 26428, 8, 2024/05/08, 17:24:47.430, 8915127231484, vstest.console.dll, TestRunRequest:SendTestRunMessage: Starting.
TpTrace Verbose: 0 : 26428, 8, 2024/05/08, 17:24:47.430, 8915127232271, vstest.console.dll, MulticastDelegateUtilities.SafeInvoke: TestRun.LogMessages: Invoking callback 1/1 for Microsoft.VisualStudio.TestPlatform.CommandLine.TestRunResultAggregator., took 0 ms.
TpTrace Information: 0 : 26428, 8, 2024/05/08, 17:24:47.430, 8915127232583, vstest.console.dll, TestRunRequest:SendTestRunMessage: Completed.
TpTrace Verbose: 0 : 26428, 8, 2024/05/08, 17:24:47.430, 8915127232918, vstest.console.dll, MulticastDelegateUtilities.SafeInvoke: LengthPrefixCommunicationChannel: MessageReceived: Invoking callback 1/1 for Microsoft.VisualStudio.TestPlatform.CommunicationUtilities.TestRequestSender+<>c__DisplayClass34_0., took 0 ms.
TpTrace Verbose: 0 : 26428, 8, 2024/05/08, 17:24:47.430, 8915127233169, vstest.console.dll, TcpClientExtensions.MessageLoopAsync: Polling on remoteEndPoint: 127.0.0.1:51140 localEndPoint: 127.0.0.1:51139 after 492 ms
TpTrace Verbose: 0 : 26428, 5, 2024/05/08, 17:24:47.430, 8915127233266, vstest.console.dll, MulticastDelegateUtilities.SafeInvoke: InternalTestLoggerEvents.SendTestRunMessage: Invoking callback 1/1 for Microsoft.VisualStudio.TestPlatform.CommandLine.Internal.ConsoleLogger., took 0 ms.
TpTrace Verbose: 0 : 26428, 8, 2024/05/08, 17:24:47.475, 8915127683744, vstest.console.dll, TcpClientExtensions.MessageLoopAsync: NotifyDataAvailable remoteEndPoint: 127.0.0.1:51140 localEndPoint: 127.0.0.1:51139
TpTrace Verbose: 0 : 26428, 8, 2024/05/08, 17:24:47.476, 8915127686394, vstest.console.dll, TestRequestSender.OnExecutionMessageReceived: Received message: {"Version":7,"MessageType":"TestSession.Message","Payload":{"MessageLevel":0,"Message":"[xUnit.net 00:00:00.54]   Discovered:  csharp-exercises"}}
TpTrace Verbose: 0 : 26428, 8, 2024/05/08, 17:24:47.476, 8915127688081, vstest.console.dll, TestRunRequest:SendTestRunMessage: Starting.
TpTrace Verbose: 0 : 26428, 8, 2024/05/08, 17:24:47.476, 8915127688749, vstest.console.dll, MulticastDelegateUtilities.SafeInvoke: TestRun.LogMessages: Invoking callback 1/1 for Microsoft.VisualStudio.TestPlatform.CommandLine.TestRunResultAggregator., took 0 ms.
TpTrace Verbose: 0 : 26428, 5, 2024/05/08, 17:24:47.476, 8915127688956, vstest.console.dll, MulticastDelegateUtilities.SafeInvoke: InternalTestLoggerEvents.SendTestRunMessage: Invoking callback 1/1 for Microsoft.VisualStudio.TestPlatform.CommandLine.Internal.ConsoleLogger., took 0 ms.
TpTrace Information: 0 : 26428, 8, 2024/05/08, 17:24:47.476, 8915127689150, vstest.console.dll, TestRunRequest:SendTestRunMessage: Completed.
TpTrace Verbose: 0 : 26428, 8, 2024/05/08, 17:24:47.476, 8915127690507, vstest.console.dll, MulticastDelegateUtilities.SafeInvoke: LengthPrefixCommunicationChannel: MessageReceived: Invoking callback 1/1 for Microsoft.VisualStudio.TestPlatform.CommunicationUtilities.TestRequestSender+<>c__DisplayClass34_0., took 0 ms.
TpTrace Verbose: 0 : 26428, 8, 2024/05/08, 17:24:47.476, 8915127691239, vstest.console.dll, TcpClientExtensions.MessageLoopAsync: Polling on remoteEndPoint: 127.0.0.1:51140 localEndPoint: 127.0.0.1:51139 after 45 ms
TpTrace Verbose: 0 : 26428, 8, 2024/05/08, 17:24:47.478, 8915127709060, vstest.console.dll, TcpClientExtensions.MessageLoopAsync: NotifyDataAvailable remoteEndPoint: 127.0.0.1:51140 localEndPoint: 127.0.0.1:51139
TpTrace Verbose: 0 : 26428, 8, 2024/05/08, 17:24:47.478, 8915127710390, vstest.console.dll, TestRequestSender.OnExecutionMessageReceived: Received message: {"Version":7,"MessageType":"TestSession.Message","Payload":{"MessageLevel":0,"Message":"[xUnit.net 00:00:00.54]   Starting:    csharp-exercises"}}
TpTrace Verbose: 0 : 26428, 8, 2024/05/08, 17:24:47.478, 8915127711476, vstest.console.dll, TestRunRequest:SendTestRunMessage: Starting.
TpTrace Verbose: 0 : 26428, 8, 2024/05/08, 17:24:47.478, 8915127712150, vstest.console.dll, MulticastDelegateUtilities.SafeInvoke: TestRun.LogMessages: Invoking callback 1/1 for Microsoft.VisualStudio.TestPlatform.CommandLine.TestRunResultAggregator., took 0 ms.
TpTrace Information: 0 : 26428, 8, 2024/05/08, 17:24:47.478, 8915127712432, vstest.console.dll, TestRunRequest:SendTestRunMessage: Completed.
TpTrace Verbose: 0 : 26428, 8, 2024/05/08, 17:24:47.478, 8915127712734, vstest.console.dll, MulticastDelegateUtilities.SafeInvoke: LengthPrefixCommunicationChannel: MessageReceived: Invoking callback 1/1 for Microsoft.VisualStudio.TestPlatform.CommunicationUtilities.TestRequestSender+<>c__DisplayClass34_0., took 0 ms.
TpTrace Verbose: 0 : 26428, 5, 2024/05/08, 17:24:47.478, 8915127712656, vstest.console.dll, MulticastDelegateUtilities.SafeInvoke: InternalTestLoggerEvents.SendTestRunMessage: Invoking callback 1/1 for Microsoft.VisualStudio.TestPlatform.CommandLine.Internal.ConsoleLogger., took 0 ms.
TpTrace Verbose: 0 : 26428, 8, 2024/05/08, 17:24:47.478, 8915127713185, vstest.console.dll, TcpClientExtensions.MessageLoopAsync: Polling on remoteEndPoint: 127.0.0.1:51140 localEndPoint: 127.0.0.1:51139 after 2 ms
TpTrace Verbose: 0 : 26428, 8, 2024/05/08, 17:24:47.633, 8915129256718, vstest.console.dll, TcpClientExtensions.MessageLoopAsync: NotifyDataAvailable remoteEndPoint: 127.0.0.1:51140 localEndPoint: 127.0.0.1:51139
TpTrace Verbose: 0 : 26428, 8, 2024/05/08, 17:24:47.633, 8915129260324, vstest.console.dll, TestRequestSender.OnExecutionMessageReceived: Received message: {"Version":7,"MessageType":"TestExecution.StatsChange","Payload":{"NewTestResults":[{"TestCase":{"Id":"de228eec-db07-5ea5-0b8d-1e50b3458934","FullyQualifiedName":"HelloWorldTests.Say_hi_","DisplayName":"HelloWorldTests.Say_hi_","ExecutorUri":"executor://xunit/VsTestRunner2/netcoreapp","Source":"C:\\Exercism-Solutions\\csharp\\bin\\Debug\\net6.0\\fine-code-coverage\\build-output\\csharp-exercises.dll","CodeFilePath":null,"LineNumber":0,"Properties":[]},"Attachments":[],"Outcome":1,"ErrorMessage":null,"ErrorStackTrace":null,"DisplayName":"HelloWorldTests.Say_hi_","Messages":[],"ComputerName":"PPMSPO002371","Duration":"00:00:00.0055588","StartTime":"2024-05-08T20:24:47.5627067+00:00","EndTime":"2024-05-08T20:24:47.5627266+00:00","Properties":[]},{"TestCase":{"Id":"b82608bb-6e97-9923-6d58-acc931d189e7","FullyQualifiedName":"WordCountTests.Include_numbers","DisplayName":"WordCountTests.Include_numbers","ExecutorUri":"executor://xunit/VsTestRunner2/netcoreapp","Source":"C:\\Exercism-Solutions\\csharp\\bin\\Debug\\net6.0\\fine-code-coverage\\build-output\\csharp-exercises.dll","CodeFilePath":null,"LineNumber":0,"Properties":[]},"Attachments":[],"Outcome":1,"ErrorMessage":null,"ErrorStackTrace":null,"DisplayName":"WordCountTests.Include_numbers","Messages":[],"ComputerName":"PPMSPO002371","Duration":"00:00:00.0220977","StartTime":"2024-05-08T20:24:47.5786583+00:00","EndTime":"2024-05-08T20:24:47.5786584+00:00","Properties":[]},{"TestCase":{"Id":"1b1e016b-d5ee-7316-7956-2b59a9f510e5","FullyQualifiedName":"WordCountTests.With_apostrophes","DisplayName":"WordCountTests.With_apostrophes","ExecutorUri":"executor://xunit/VsTestRunner2/netcoreapp","Source":"C:\\Exercism-Solutions\\csharp\\bin\\Debug\\net6.0\\fine-code-coverage\\build-output\\csharp-exercises.dll","CodeFilePath":null,"LineNumber":0,"Properties":[]},"Attachments":[],"Outcome":1,"ErrorMessage":null,"ErrorStackTrace":null,"DisplayName":"WordCountTests.With_apostrophes","Messages":[],"ComputerName":"PPMSPO002371","Duration":"00:00:00.0002951","StartTime":"2024-05-08T20:24:47.5834002+00:00","EndTime":"2024-05-08T20:24:47.5834007+00:00","Properties":[]},{"TestCase":{"Id":"c943c42e-09cb-093e-7aa9-b73f1449606c","FullyQualifiedName":"WordCountTests.Handles_cramped_lists","DisplayName":"WordCountTests.Handles_cramped_lists","ExecutorUri":"executor://xunit/VsTestRunner2/netcoreapp","Source":"C:\\Exercism-Solutions\\csharp\\bin\\Debug\\net6.0\\fine-code-coverage\\build-output\\csharp-exercises.dll","CodeFilePath":null,"LineNumber":0,"Properties":[]},"Attachments":[],"Outcome":1,"ErrorMessage":null,"ErrorStackTrace":null,"DisplayName":"WordCountTests.Handles_cramped_lists","Messages":[],"ComputerName":"PPMSPO002371","Duration":"00:00:00.0001488","StartTime":"2024-05-08T20:24:47.5864461+00:00","EndTime":"2024-05-08T20:24:47.5864462+00:00","Properties":[]},{"TestCase":{"Id":"76eb9b48-cfba-5db5-485e-562a129021ad","FullyQualifiedName":"WordCountTests.Count_one_of_each_word","DisplayName":"WordCountTests.Count_one_of_each_word","ExecutorUri":"executor://xunit/VsTestRunner2/netcoreapp","Source":"C:\\Exercism-Solutions\\csharp\\bin\\Debug\\net6.0\\fine-code-coverage\\build-output\\csharp-exercises.dll","CodeFilePath":null,"LineNumber":0,"Properties":[]},"Attachments":[],"Outcome":1,"ErrorMessage":null,"ErrorStackTrace":null,"DisplayName":"WordCountTests.Count_one_of_each_word","Messages":[],"ComputerName":"PPMSPO002371","Duration":"00:00:00.0001290","StartTime":"2024-05-08T20:24:47.5895523+00:00","EndTime":"2024-05-08T20:24:47.5895525+00:00","Properties":[]},{"TestCase":{"Id":"ddc0b71b-1fd0-2832-ab04-e6c3d847ce08","FullyQualifiedName":"WordCountTests.With_quotations","DisplayName":"WordCountTests.With_quotations","ExecutorUri":"executor://xunit/VsTestRunner2/netcoreapp","Source":"C:\\Exercism-Solutions\\csharp\\bin\\Debug\\net6.0\\fine-code-coverage\\build-output\\csharp-exercises.dll","CodeFilePath":null,"LineNumber":0,"Properties":[]},"Attachments":[],"Outcome":1,"ErrorMessage":null,"ErrorStackTrace":null,"DisplayName":"WordCountTests.With_quotations","Messages":[],"ComputerName":"PPMSPO002371","Duration":"00:00:00.0001388","StartTime":"2024-05-08T20:24:47.5926256+00:00","EndTime":"2024-05-08T20:24:47.5926256+00:00","Properties":[]},{"TestCase":{"Id":"9f64bcc6-e17e-0795-27e4-746c6f4738ed","FullyQualifiedName":"WordCountTests.Alternating_word_separators_not_detected_as_a_word","DisplayName":"WordCountTests.Alternating_word_separators_not_detected_as_a_word","ExecutorUri":"executor://xunit/VsTestRunner2/netcoreapp","Source":"C:\\Exercism-Solutions\\csharp\\bin\\Debug\\net6.0\\fine-code-coverage\\build-output\\csharp-exercises.dll","CodeFilePath":null,"LineNumber":0,"Properties":[]},"Attachments":[],"Outcome":1,"ErrorMessage":null,"ErrorStackTrace":null,"DisplayName":"WordCountTests.Alternating_word_separators_not_detected_as_a_word","Messages":[],"ComputerName":"PPMSPO002371","Duration":"00:00:00.0001318","StartTime":"2024-05-08T20:24:47.5956078+00:00","EndTime":"2024-05-08T20:24:47.5956079+00:00","Properties":[]},{"TestCase":{"Id":"09b899d6-c006-c4de-2d41-d76bb8121604","FullyQualifiedName":"WordCountTests.Multiple_spaces_not_detected_as_a_word","DisplayName":"WordCountTests.Multiple_spaces_not_detected_as_a_word","ExecutorUri":"executor://xunit/VsTestRunner2/netcoreapp","Source":"C:\\Exercism-Solutions\\csharp\\bin\\Debug\\net6.0\\fine-code-coverage\\build-output\\csharp-exercises.dll","CodeFilePath":null,"LineNumber":0,"Properties":[]},"Attachments":[],"Outcome":1,"ErrorMessage":null,"ErrorStackTrace":null,"DisplayName":"WordCountTests.Multiple_spaces_not_detected_as_a_word","Messages":[],"ComputerName":"PPMSPO002371","Duration":"00:00:00.0001281","StartTime":"2024-05-08T20:24:47.6021526+00:00","EndTime":"2024-05-08T20:24:47.6021528+00:00","Properties":[]},{"TestCase":{"Id":"b8b7ade4-b918-4a64-4666-52f6f858dcae","FullyQualifiedName":"WordCountTests.Multiple_occurrences_of_a_word","DisplayName":"WordCountTests.Multiple_occurrences_of_a_word","ExecutorUri":"executor://xunit/VsTestRunner2/netcoreapp","Source":"C:\\Exercism-Solutions\\csharp\\bin\\Debug\\net6.0\\fine-code-coverage\\build-output\\csharp-exercises.dll","CodeFilePath":null,"LineNumber":0,"Properties":[]},"Attachments":[],"Outcome":1,"ErrorMessage":null,"ErrorStackTrace":null,"DisplayName":"WordCountTests.Multiple_occurrences_of_a_word","Messages":[],"ComputerName":"PPMSPO002371","Duration":"00:00:00.0001423","StartTime":"2024-05-08T20:24:47.6054045+00:00","EndTime":"2024-05-08T20:24:47.6054046+00:00","Properties":[]}],"TestRunStatistics":{"ExecutedTests":9,"Stats":{"Passed":9}},"ActiveTests":[{"Id":"078fb83f-50e2-5800-6d08-0475ef0507ea","FullyQualifiedName":"WordCountTests.Handles_expanded_lists","DisplayName":"WordCountTests.Handles_expanded_lists","ExecutorUri":"executor://xunit/VsTestRunner2/netcoreapp","Source":"C:\\Exercism-Solutions\\csharp\\bin\\Debug\\net6.0\\fine-code-coverage\\build-output\\csharp-exercises.dll","CodeFilePath":null,"LineNumber":0,"Properties":[]}]}}
TpTrace Verbose: 0 : 26428, 8, 2024/05/08, 17:24:47.655, 8915129482881, vstest.console.dll, TestRunRequest:SendTestRunStatsChange: Starting.
TpTrace Verbose: 0 : 26428, 8, 2024/05/08, 17:24:47.655, 8915129484950, vstest.console.dll, InProgress is WordCountTests.Handles_expanded_lists
TpTrace Verbose: 0 : 26428, 8, 2024/05/08, 17:24:47.656, 8915129487523, vstest.console.dll, MulticastDelegateUtilities.SafeInvoke: TestRun.RunStatsChanged: Invoking callbacks was skipped because there are no subscribers.
TpTrace Information: 0 : 26428, 8, 2024/05/08, 17:24:47.656, 8915129488260, vstest.console.dll, TestRunRequest:SendTestRunStatsChange: Completed.
TpTrace Verbose: 0 : 26428, 8, 2024/05/08, 17:24:47.656, 8915129488942, vstest.console.dll, MulticastDelegateUtilities.SafeInvoke: LengthPrefixCommunicationChannel: MessageReceived: Invoking callback 1/1 for Microsoft.VisualStudio.TestPlatform.CommunicationUtilities.TestRequestSender+<>c__DisplayClass34_0., took 22 ms.
TpTrace Verbose: 0 : 26428, 8, 2024/05/08, 17:24:47.656, 8915129489320, vstest.console.dll, TcpClientExtensions.MessageLoopAsync: Polling on remoteEndPoint: 127.0.0.1:51140 localEndPoint: 127.0.0.1:51139 after 177 ms
TpTrace Verbose: 0 : 26428, 8, 2024/05/08, 17:24:47.656, 8915129489826, vstest.console.dll, TcpClientExtensions.MessageLoopAsync: NotifyDataAvailable remoteEndPoint: 127.0.0.1:51140 localEndPoint: 127.0.0.1:51139
TpTrace Verbose: 0 : 26428, 8, 2024/05/08, 17:24:47.656, 8915129490683, vstest.console.dll, TestRequestSender.OnExecutionMessageReceived: Received message: {"Version":7,"MessageType":"TestSession.Message","Payload":{"MessageLevel":0,"Message":"[xUnit.net 00:00:00.71]   Finished:    csharp-exercises"}}
TpTrace Verbose: 0 : 26428, 8, 2024/05/08, 17:24:47.656, 8915129491876, vstest.console.dll, TestRunRequest:SendTestRunMessage: Starting.
TpTrace Verbose: 0 : 26428, 8, 2024/05/08, 17:24:47.656, 8915129492514, vstest.console.dll, MulticastDelegateUtilities.SafeInvoke: TestRun.LogMessages: Invoking callback 1/1 for Microsoft.VisualStudio.TestPlatform.CommandLine.TestRunResultAggregator., took 0 ms.
TpTrace Information: 0 : 26428, 8, 2024/05/08, 17:24:47.656, 8915129493086, vstest.console.dll, TestRunRequest:SendTestRunMessage: Completed.
TpTrace Verbose: 0 : 26428, 8, 2024/05/08, 17:24:47.656, 8915129493509, vstest.console.dll, MulticastDelegateUtilities.SafeInvoke: LengthPrefixCommunicationChannel: MessageReceived: Invoking callback 1/1 for Microsoft.VisualStudio.TestPlatform.CommunicationUtilities.TestRequestSender+<>c__DisplayClass34_0., took 0 ms.
TpTrace Verbose: 0 : 26428, 8, 2024/05/08, 17:24:47.656, 8915129493917, vstest.console.dll, TcpClientExtensions.MessageLoopAsync: Polling on remoteEndPoint: 127.0.0.1:51140 localEndPoint: 127.0.0.1:51139 after 0 ms
TpTrace Verbose: 0 : 26428, 5, 2024/05/08, 17:24:47.659, 8915129523601, vstest.console.dll, MulticastDelegateUtilities.SafeInvoke: InternalTestLoggerEvents.SendTestResult: Invoking callback 1/1 for Microsoft.VisualStudio.TestPlatform.CommandLine.Internal.ConsoleLogger., took 3 ms.
TpTrace Verbose: 0 : 26428, 5, 2024/05/08, 17:24:47.660, 8915129527559, vstest.console.dll, MulticastDelegateUtilities.SafeInvoke: InternalTestLoggerEvents.SendTestResult: Invoking callback 1/1 for Microsoft.VisualStudio.TestPlatform.CommandLine.Internal.ConsoleLogger., took 0 ms.
TpTrace Verbose: 0 : 26428, 5, 2024/05/08, 17:24:47.660, 8915129528597, vstest.console.dll, MulticastDelegateUtilities.SafeInvoke: InternalTestLoggerEvents.SendTestResult: Invoking callback 1/1 for Microsoft.VisualStudio.TestPlatform.CommandLine.Internal.ConsoleLogger., took 0 ms.
TpTrace Verbose: 0 : 26428, 5, 2024/05/08, 17:24:47.660, 8915129529141, vstest.console.dll, MulticastDelegateUtilities.SafeInvoke: InternalTestLoggerEvents.SendTestResult: Invoking callback 1/1 for Microsoft.VisualStudio.TestPlatform.CommandLine.Internal.ConsoleLogger., took 0 ms.
TpTrace Verbose: 0 : 26428, 5, 2024/05/08, 17:24:47.660, 8915129529707, vstest.console.dll, MulticastDelegateUtilities.SafeInvoke: InternalTestLoggerEvents.SendTestResult: Invoking callback 1/1 for Microsoft.VisualStudio.TestPlatform.CommandLine.Internal.ConsoleLogger., took 0 ms.
TpTrace Verbose: 0 : 26428, 5, 2024/05/08, 17:24:47.660, 8915129530239, vstest.console.dll, MulticastDelegateUtilities.SafeInvoke: InternalTestLoggerEvents.SendTestResult: Invoking callback 1/1 for Microsoft.VisualStudio.TestPlatform.CommandLine.Internal.ConsoleLogger., took 0 ms.
TpTrace Verbose: 0 : 26428, 5, 2024/05/08, 17:24:47.660, 8915129530772, vstest.console.dll, MulticastDelegateUtilities.SafeInvoke: InternalTestLoggerEvents.SendTestResult: Invoking callback 1/1 for Microsoft.VisualStudio.TestPlatform.CommandLine.Internal.ConsoleLogger., took 0 ms.
TpTrace Verbose: 0 : 26428, 5, 2024/05/08, 17:24:47.660, 8915129531266, vstest.console.dll, MulticastDelegateUtilities.SafeInvoke: InternalTestLoggerEvents.SendTestResult: Invoking callback 1/1 for Microsoft.VisualStudio.TestPlatform.CommandLine.Internal.ConsoleLogger., took 0 ms.
TpTrace Verbose: 0 : 26428, 5, 2024/05/08, 17:24:47.660, 8915129531738, vstest.console.dll, MulticastDelegateUtilities.SafeInvoke: InternalTestLoggerEvents.SendTestResult: Invoking callback 1/1 for Microsoft.VisualStudio.TestPlatform.CommandLine.Internal.ConsoleLogger., took 0 ms.
TpTrace Verbose: 0 : 26428, 5, 2024/05/08, 17:24:47.660, 8915129532284, vstest.console.dll, MulticastDelegateUtilities.SafeInvoke: InternalTestLoggerEvents.SendTestRunMessage: Invoking callback 1/1 for Microsoft.VisualStudio.TestPlatform.CommandLine.Internal.ConsoleLogger., took 0 ms.
TpTrace Verbose: 0 : 26428, 8, 2024/05/08, 17:24:47.669, 8915129625405, vstest.console.dll, TcpClientExtensions.MessageLoopAsync: NotifyDataAvailable remoteEndPoint: 127.0.0.1:51140 localEndPoint: 127.0.0.1:51139
TpTrace Verbose: 0 : 26428, 8, 2024/05/08, 17:24:47.670, 8915129628965, vstest.console.dll, TestRequestSender.OnExecutionMessageReceived: Received message: {"Version":7,"MessageType":"TestExecution.Completed","Payload":{"TestRunCompleteArgs":{"TestRunStatistics":{"ExecutedTests":14,"Stats":{"Passed":14}},"IsCanceled":false,"IsAborted":false,"Error":null,"AttachmentSets":[],"InvokedDataCollectors":[],"ElapsedTimeInRunningTests":"00:00:00.7314305","Metrics":{},"DiscoveredExtensions":{"TestDiscoverers":["Xunit.Runner.VisualStudio.VsTestRunner, xunit.runner.visualstudio.testadapter, Version=2.8.0.0, Culture=neutral, PublicKeyToken=null"],"TestExecutors":["executor://xunit/VsTestRunner2/netcoreapp"],"TestExecutors2":[],"TestSettingsProviders":[]}},"LastRunTests":{"NewTestResults":[{"TestCase":{"Id":"078fb83f-50e2-5800-6d08-0475ef0507ea","FullyQualifiedName":"WordCountTests.Handles_expanded_lists","DisplayName":"WordCountTests.Handles_expanded_lists","ExecutorUri":"executor://xunit/VsTestRunner2/netcoreapp","Source":"C:\\Exercism-Solutions\\csharp\\bin\\Debug\\net6.0\\fine-code-coverage\\build-output\\csharp-exercises.dll","CodeFilePath":null,"LineNumber":0,"Properties":[]},"Attachments":[],"Outcome":1,"ErrorMessage":null,"ErrorStackTrace":null,"DisplayName":"WordCountTests.Handles_expanded_lists","Messages":[],"ComputerName":"PPMSPO002371","Duration":"00:00:00.0001168","StartTime":"2024-05-08T20:24:47.634512+00:00","EndTime":"2024-05-08T20:24:47.6345122+00:00","Properties":[]},{"TestCase":{"Id":"ea1dd87a-4a69-0a4d-cace-5d93371dc70b","FullyQualifiedName":"WordCountTests.Ignore_punctuation","DisplayName":"WordCountTests.Ignore_punctuation","ExecutorUri":"executor://xunit/VsTestRunner2/netcoreapp","Source":"C:\\Exercism-Solutions\\csharp\\bin\\Debug\\net6.0\\fine-code-coverage\\build-output\\csharp-exercises.dll","CodeFilePath":null,"LineNumber":0,"Properties":[]},"Attachments":[],"Outcome":1,"ErrorMessage":null,"ErrorStackTrace":null,"DisplayName":"WordCountTests.Ignore_punctuation","Messages":[],"ComputerName":"PPMSPO002371","Duration":"00:00:00.0001475","StartTime":"2024-05-08T20:24:47.637132+00:00","EndTime":"2024-05-08T20:24:47.637132+00:00","Properties":[]},{"TestCase":{"Id":"3f5ec32f-daee-0ebd-265a-4fbacbe49dcd","FullyQualifiedName":"WordCountTests.Substrings_from_the_beginning","DisplayName":"WordCountTests.Substrings_from_the_beginning","ExecutorUri":"executor://xunit/VsTestRunner2/netcoreapp","Source":"C:\\Exercism-Solutions\\csharp\\bin\\Debug\\net6.0\\fine-code-coverage\\build-output\\csharp-exercises.dll","CodeFilePath":null,"LineNumber":0,"Properties":[]},"Attachments":[],"Outcome":1,"ErrorMessage":null,"ErrorStackTrace":null,"DisplayName":"WordCountTests.Substrings_from_the_beginning","Messages":[],"ComputerName":"PPMSPO002371","Duration":"00:00:00.0001581","StartTime":"2024-05-08T20:24:47.6400091+00:00","EndTime":"2024-05-08T20:24:47.6400092+00:00","Properties":[]},{"TestCase":{"Id":"ebc1d37c-5c58-43b1-6345-4849ac90cf31","FullyQualifiedName":"WordCountTests.Count_one_word","DisplayName":"WordCountTests.Count_one_word","ExecutorUri":"executor://xunit/VsTestRunner2/netcoreapp","Source":"C:\\Exercism-Solutions\\csharp\\bin\\Debug\\net6.0\\fine-code-coverage\\build-output\\csharp-exercises.dll","CodeFilePath":null,"LineNumber":0,"Properties":[]},"Attachments":[],"Outcome":1,"ErrorMessage":null,"ErrorStackTrace":null,"DisplayName":"WordCountTests.Count_one_word","Messages":[],"ComputerName":"PPMSPO002371","Duration":"00:00:00.0001095","StartTime":"2024-05-08T20:24:47.6437014+00:00","EndTime":"2024-05-08T20:24:47.6437014+00:00","Properties":[]},{"TestCase":{"Id":"851da4f7-3d99-21df-6dbd-5fff668c1d62","FullyQualifiedName":"WordCountTests.Normalize_case","DisplayName":"WordCountTests.Normalize_case","ExecutorUri":"executor://xunit/VsTestRunner2/netcoreapp","Source":"C:\\Exercism-Solutions\\csharp\\bin\\Debug\\net6.0\\fine-code-coverage\\build-output\\csharp-exercises.dll","CodeFilePath":null,"LineNumber":0,"Properties":[]},"Attachments":[],"Outcome":1,"ErrorMessage":null,"ErrorStackTrace":null,"DisplayName":"WordCountTests.Normalize_case","Messages":[],"ComputerName":"PPMSPO002371","Duration":"00:00:00.0001173","StartTime":"2024-05-08T20:24:47.6465297+00:00","EndTime":"2024-05-08T20:24:47.6465299+00:00","Properties":[]}],"TestRunStatistics":{"ExecutedTests":14,"Stats":{"Passed":14}},"ActiveTests":[]},"RunAttachments":[],"ExecutorUris":["executor://xunit/VsTestRunner2/netcoreapp"]}}
TpTrace Verbose: 0 : 26428, 8, 2024/05/08, 17:24:47.670, 8915129629931, vstest.console.dll, TestRequestSender.EndSession: Sending end session.
TpTrace Verbose: 0 : 26428, 8, 2024/05/08, 17:24:47.670, 8915129631401, vstest.console.dll, ProxyOperationManager.Close: waiting for test host to exit for 100 ms
TpTrace Verbose: 0 : 26428, 12, 2024/05/08, 17:24:47.680, 8915129734082, vstest.console.dll, TestHostManagerCallbacks.ctor: Experimental forwarding output is disabled.
TpTrace Warning: 0 : 26428, 12, 2024/05/08, 17:24:47.681, 8915129735646, vstest.console.dll, TestHostManagerCallbacks.ErrorReceivedCallback Test host standard error line: 
TpTrace Verbose: 0 : 26428, 12, 2024/05/08, 17:24:47.686, 8915129792981, vstest.console.dll, TestHostProvider.ExitCallBack: Host exited starting callback.
TpTrace Information: 0 : 26428, 12, 2024/05/08, 17:24:47.686, 8915129794655, vstest.console.dll, TestHostManagerCallbacks.ExitCallBack: Testhost processId: 35804 exited with exitcode: 0 error: ''
TpTrace Verbose: 0 : 26428, 12, 2024/05/08, 17:24:47.686, 8915129794998, vstest.console.dll, DotnetTestHostManager.OnHostExited: invoking OnHostExited callback
TpTrace Verbose: 0 : 26428, 12, 2024/05/08, 17:24:47.686, 8915129795512, vstest.console.dll, CrossPlatEngine.TestHostManagerHostExited: calling on client process exit callback.
TpTrace Information: 0 : 26428, 12, 2024/05/08, 17:24:47.687, 8915129796027, vstest.console.dll, TestRequestSender.OnClientProcessExit: Test host process exited. Standard error: 
TpTrace Information: 0 : 26428, 12, 2024/05/08, 17:24:47.687, 8915129796329, vstest.console.dll, SocketServer.Stop: Stop server endPoint: 127.0.0.1:51139
TpTrace Information: 0 : 26428, 12, 2024/05/08, 17:24:47.687, 8915129796570, vstest.console.dll, SocketServer.Stop: Cancellation requested. Stopping message loop.
TpTrace Information: 0 : 26428, 8, 2024/05/08, 17:24:47.687, 8915129796618, vstest.console.dll, SocketServer.Stop: Stop server endPoint: 127.0.0.1:51139
TpTrace Verbose: 0 : 26428, 12, 2024/05/08, 17:24:47.687, 8915129797455, vstest.console.dll, MulticastDelegateUtilities.SafeInvoke: HostProviderEvents.OnHostExited: Invoking callback 1/1 for Microsoft.VisualStudio.TestPlatform.CrossPlatEngine.Client.ProxyOperationManager., took 0 ms.
TpTrace Information: 0 : 26428, 8, 2024/05/08, 17:24:47.687, 8915129797526, vstest.console.dll, SocketServer.Stop: Cancellation requested. Stopping message loop.
TpTrace Information: 0 : 26428, 8, 2024/05/08, 17:24:47.687, 8915129798353, vstest.console.dll, Closing the connection
TpTrace Verbose: 0 : 26428, 8, 2024/05/08, 17:24:47.687, 8915129800085, vstest.console.dll, ProxyDataCollectionManager.InvokeDataCollectionServiceAction: Starting.
TpTrace Information: 0 : 26428, 8, 2024/05/08, 17:24:47.687, 8915129800495, vstest.console.dll, ProxyDataCollectionManager.AfterTestRunEnd: Get attachment set and invoked data collectors processId: 46412 port: 51136
TpTrace Verbose: 0 : 26428, 8, 2024/05/08, 17:24:47.687, 8915129800847, vstest.console.dll, DataCollectionRequestSender.SendAfterTestRunStartAndGetResult: Send AfterTestRunEnd message with isCancelled: False
TpTrace Verbose: 0 : 26428, 8, 2024/05/08, 17:24:47.693, 8915129857684, vstest.console.dll, DataCollectionRequestSender.SendAfterTestRunStartAndGetResult: Received message: (DataCollection.AfterTestRunEndResult) -> {"MessageType":"DataCollection.AfterTestRunEndResult","Payload":{"AttachmentSets":[],"InvokedDataCollectors":[{"Uri":"datacollector://Microsoft/TestPlatform/Extensions/Blame/v1","FriendlyName":"Blame","AssemblyQualifiedName":"Microsoft.TestPlatform.Extensions.BlameDataCollector.BlameCollector, Microsoft.TestPlatform.Extensions.BlameDataCollector, Version=15.0.0.0, Culture=neutral, PublicKeyToken=b03f5f7f11d50a3a","FilePath":"C:\\Program Files\\dotnet\\sdk\\8.0.202\\Extensions\\Microsoft.TestPlatform.Extensions.BlameDataCollector.dll","HasAttachmentProcessor":false}],"Metrics":{}}}
TpTrace Information: 0 : 26428, 8, 2024/05/08, 17:24:47.698, 8915129911713, vstest.console.dll, ProxyDataCollectionManager.InvokeDataCollectionServiceAction: Completed.
TpTrace Warning: 0 : 26428, 11, 2024/05/08, 17:24:47.700, 8915129927459, vstest.console.dll, DataCollectionLauncher.ErrorReceivedCallback datacollector standard error line: 
TpTrace Information: 0 : 26428, 11, 2024/05/08, 17:24:47.707, 8915129998669, vstest.console.dll, DataCollectionLauncher.ExitCallBack: Data collector exited with exitcode: 0 error: ''
TpTrace Verbose: 0 : 26428, 8, 2024/05/08, 17:24:47.732, 8915130246320, vstest.console.dll, TestRunRequest:SendTestRunStatsChange: Starting.
TpTrace Verbose: 0 : 26428, 8, 2024/05/08, 17:24:47.732, 8915130248150, vstest.console.dll, MulticastDelegateUtilities.SafeInvoke: TestRun.RunStatsChanged: Invoking callbacks was skipped because there are no subscribers.
TpTrace Information: 0 : 26428, 8, 2024/05/08, 17:24:47.732, 8915130248683, vstest.console.dll, TestRunRequest:SendTestRunStatsChange: Completed.
TpTrace Verbose: 0 : 26428, 5, 2024/05/08, 17:24:47.732, 8915130250267, vstest.console.dll, MulticastDelegateUtilities.SafeInvoke: InternalTestLoggerEvents.SendTestResult: Invoking callback 1/1 for Microsoft.VisualStudio.TestPlatform.CommandLine.Internal.ConsoleLogger., took 0 ms.
TpTrace Verbose: 0 : 26428, 5, 2024/05/08, 17:24:47.732, 8915130252757, vstest.console.dll, MulticastDelegateUtilities.SafeInvoke: InternalTestLoggerEvents.SendTestResult: Invoking callback 1/1 for Microsoft.VisualStudio.TestPlatform.CommandLine.Internal.ConsoleLogger., took 0 ms.
TpTrace Verbose: 0 : 26428, 8, 2024/05/08, 17:24:47.732, 8915130251833, vstest.console.dll, ParallelProxyExecutionManager: HandlePartialRunComplete: Total workloads = 1, Total started clients = 1 Total completed clients = 1, Run complete = True, Run canceled: False.
TpTrace Verbose: 0 : 26428, 5, 2024/05/08, 17:24:47.732, 8915130253086, vstest.console.dll, MulticastDelegateUtilities.SafeInvoke: InternalTestLoggerEvents.SendTestResult: Invoking callback 1/1 for Microsoft.VisualStudio.TestPlatform.CommandLine.Internal.ConsoleLogger., took 0 ms.
TpTrace Verbose: 0 : 26428, 8, 2024/05/08, 17:24:47.733, 8915130255812, vstest.console.dll, ParallelProxyExecutionManager: HandlePartialRunComplete: All runs completed stopping all managers.
TpTrace Verbose: 0 : 26428, 5, 2024/05/08, 17:24:47.733, 8915130257160, vstest.console.dll, MulticastDelegateUtilities.SafeInvoke: InternalTestLoggerEvents.SendTestResult: Invoking callback 1/1 for Microsoft.VisualStudio.TestPlatform.CommandLine.Internal.ConsoleLogger., took 0 ms.
TpTrace Verbose: 0 : 26428, 8, 2024/05/08, 17:24:47.733, 8915130258675, vstest.console.dll, ParallelOperationManager.StopAllManagers: Stopping all managers.
TpTrace Verbose: 0 : 26428, 8, 2024/05/08, 17:24:47.733, 8915130259234, vstest.console.dll, ParallelOperationManager.ClearSlots: Clearing all slots. Slots should accept more work: False
TpTrace Verbose: 0 : 26428, 8, 2024/05/08, 17:24:47.733, 8915130259748, vstest.console.dll, ParallelOperationManager.SetOccupiedSlotCount: Setting slot counts AvailableSlotCount = 1, OccupiedSlotCount = 0.
TpTrace Verbose: 0 : 26428, 8, 2024/05/08, 17:24:47.733, 8915130260022, vstest.console.dll, Occupied slots:

TpTrace Verbose: 0 : 26428, 5, 2024/05/08, 17:24:47.733, 8915130259282, vstest.console.dll, MulticastDelegateUtilities.SafeInvoke: InternalTestLoggerEvents.SendTestResult: Invoking callback 1/1 for Microsoft.VisualStudio.TestPlatform.CommandLine.Internal.ConsoleLogger., took 0 ms.
TpTrace Verbose: 0 : 26428, 5, 2024/05/08, 17:24:47.740, 8915130328459, vstest.console.dll, MulticastDelegateUtilities.SafeInvoke: InternalTestLoggerEvents.SendTestRunComplete: Invoking callback 1/2 for Microsoft.TestPlatform.Extensions.BlameDataCollector.BlameLogger., took 0 ms.
TpTrace Verbose: 0 : 26428, 5, 2024/05/08, 17:24:47.744, 8915130365707, vstest.console.dll, MulticastDelegateUtilities.SafeInvoke: InternalTestLoggerEvents.SendTestRunComplete: Invoking callback 2/2 for Microsoft.VisualStudio.TestPlatform.CommandLine.Internal.ConsoleLogger., took 3 ms.
TpTrace Verbose: 0 : 26428, 8, 2024/05/08, 17:24:47.744, 8915130371104, vstest.console.dll, TestRunRequest:TestRunComplete: Starting. IsAborted:False IsCanceled:False.
TpTrace Verbose: 0 : 26428, 8, 2024/05/08, 17:24:47.744, 8915130373098, vstest.console.dll, ParallelOperationManager.DoActionOnAllManagers: Calling an action on all managers.
TpTrace Verbose: 0 : 26428, 8, 2024/05/08, 17:24:47.745, 8915130380004, vstest.console.dll, TestLoggerManager.HandleTestRunComplete: Ignoring as the object is disposed.
TpTrace Verbose: 0 : 26428, 8, 2024/05/08, 17:24:47.745, 8915130381622, vstest.console.dll, MulticastDelegateUtilities.SafeInvoke: TestRun.TestRunComplete: Invoking callback 1/2 for Microsoft.VisualStudio.TestPlatform.CommandLine.TestRunResultAggregator., took 0 ms.
TpTrace Verbose: 0 : 26428, 8, 2024/05/08, 17:24:47.745, 8915130382593, vstest.console.dll, MulticastDelegateUtilities.SafeInvoke: TestRun.TestRunComplete: Invoking callback 2/2 for Microsoft.VisualStudio.TestPlatform.CommandLine.Processors.RunTestsArgumentExecutor+TestRunRequestEventsRegistrar., took 0 ms.
TpTrace Information: 0 : 26428, 8, 2024/05/08, 17:24:47.745, 8915130383463, vstest.console.dll, TestRunRequest:TestRunComplete: Completed.
TpTrace Verbose: 0 : 26428, 8, 2024/05/08, 17:24:47.745, 8915130383751, vstest.console.dll, TestRequestSender.SetOperationComplete: Setting operation complete.
TpTrace Information: 0 : 26428, 8, 2024/05/08, 17:24:47.745, 8915130383946, vstest.console.dll, SocketServer.Stop: Stop server endPoint: 127.0.0.1:51139
TpTrace Information: 0 : 26428, 8, 2024/05/08, 17:24:47.745, 8915130384119, vstest.console.dll, SocketServer.Stop: Cancellation requested. Stopping message loop.
TpTrace Verbose: 0 : 26428, 8, 2024/05/08, 17:24:47.745, 8915130384409, vstest.console.dll, MulticastDelegateUtilities.SafeInvoke: LengthPrefixCommunicationChannel: MessageReceived: Invoking callback 1/1 for Microsoft.VisualStudio.TestPlatform.CommunicationUtilities.TestRequestSender+<>c__DisplayClass34_0., took 75 ms.
TpTrace Information: 0 : 26428, 8, 2024/05/08, 17:24:47.745, 8915130384724, vstest.console.dll, SocketServer.PrivateStop: Stopping server endPoint: 127.0.0.1:51139 error: 
TpTrace Verbose: 0 : 26428, 1, 2024/05/08, 17:24:47.745, 8915130384687, vstest.console.dll, TestRunRequest.Dispose: Starting.
TpTrace Information: 0 : 26428, 1, 2024/05/08, 17:24:47.746, 8915130386017, vstest.console.dll, TestRunRequest.Dispose: Completed.
TpTrace Information: 0 : 26428, 1, 2024/05/08, 17:24:47.746, 8915130386632, vstest.console.dll, TestRequestManager.RunTests: run tests completed.
TpTrace Information: 0 : 26428, 1, 2024/05/08, 17:24:47.746, 8915130387165, vstest.console.dll, RunTestsArgumentProcessor:Execute: Test run is completed.
TpTrace Verbose: 0 : 26428, 8, 2024/05/08, 17:24:47.746, 8915130388762, vstest.console.dll, LengthPrefixCommunicationChannel.Dispose: Dispose reader and writer.
TpTrace Verbose: 0 : 26428, 1, 2024/05/08, 17:24:47.746, 8915130388840, vstest.console.dll, Executor.Execute: Exiting with exit code of 0
TpTrace Information: 0 : 26428, 8, 2024/05/08, 17:24:47.746, 8915130389440, vstest.console.dll, SocketServer.Stop: Raise disconnected event endPoint: 127.0.0.1:51139 error: 
TpTrace Verbose: 0 : 26428, 8, 2024/05/08, 17:24:47.746, 8915130391369, vstest.console.dll, TestRequestSender: OnTestRunAbort: Operation is already complete. Skip error message.
TpTrace Verbose: 0 : 26428, 8, 2024/05/08, 17:24:47.746, 8915130392053, vstest.console.dll, MulticastDelegateUtilities.SafeInvoke: SocketServer: ClientDisconnected: Invoking callback 1/1 for Microsoft.VisualStudio.TestPlatform.CommunicationUtilities.TestRequestSender., took 0 ms.
TpTrace Verbose: 0 : 26428, 8, 2024/05/08, 17:24:47.746, 8915130392507, vstest.console.dll, TcpClientExtensions.MessageLoopAsync: exiting MessageLoopAsync remoteEndPoint: 127.0.0.1:51140 localEndPoint: 127.0.0.1:51139
